TRACE::2026-01-28.09:33:58::SCWBifWriter::Found the complete platform C:/Users/buenting/cpre4880/labs/mp-0/design_1_wrapper/export/design_1_wrapper/design_1_wrapper.xpfm
TRACE::2026-01-28.09:33:58::SCWBifWriter::hardware databse : design_1_wrapper_0
TRACE::2026-01-28.09:33:58::SCWBifWriter::bitstream found in the design
TRACE::2026-01-28.09:33:58::SCWBifWriter::Found a baremetal domain, proc: ps7_cortexa9_0
TRACE::2026-01-28.09:33:58::SCWBifWriter::proc type : 
TRACE::2026-01-28.09:33:58::SCWBifWriter::proc[0] : ps7_cortexa9_0
TRACE::2026-01-28.09:33:58::SCWBifWriter::Device type is : zynq
TRACE::2026-01-28.09:33:58::SCWBifWriter::Writing BIF to file : C:/Users/buenting/cpre4880/labs/mp-0/lab1_vitis_system/Debug/system.bif
TRACE::2026-01-28.09:33:58::SCWBifWriter::Writing the Zynq Baremetal bif 
TRACE::2026-01-30.09:37:44::SCWBifWriter::Found the complete platform C:/Users/buenting/cpre4880/labs/mp-0/design_1_wrapper/export/design_1_wrapper/design_1_wrapper.xpfm
TRACE::2026-01-30.09:37:44::SCWBifWriter::hardware databse : design_1_wrapper_5
TRACE::2026-01-30.09:37:44::SCWBifWriter::bitstream found in the design
TRACE::2026-01-30.09:37:44::SCWBifWriter::Found a baremetal domain, proc: ps7_cortexa9_0
TRACE::2026-01-30.09:37:44::SCWBifWriter::proc type : 
TRACE::2026-01-30.09:37:44::SCWBifWriter::proc[0] : ps7_cortexa9_0
TRACE::2026-01-30.09:37:44::SCWBifWriter::Device type is : zynq
TRACE::2026-01-30.09:37:44::SCWBifWriter::Writing BIF to file : C:/Users/buenting/cpre4880/labs/mp-0/lab1_vitis_system/Debug/system.bif
TRACE::2026-01-30.09:37:44::SCWBifWriter::Writing the Zynq Baremetal bif 
TRACE::2026-01-30.13:35:58::SCWBifWriter::Found the complete platform C:/Users/buenting/cpre4880/labs/mp-0/design_1_wrapper/export/design_1_wrapper/design_1_wrapper.xpfm
TRACE::2026-01-30.13:35:58::SCWBifWriter::hardware databse : design_1_wrapper_2
TRACE::2026-01-30.13:35:58::SCWBifWriter::bitstream found in the design
TRACE::2026-01-30.13:35:58::SCWBifWriter::Found a baremetal domain, proc: ps7_cortexa9_0
TRACE::2026-01-30.13:35:58::SCWBifWriter::proc type : 
TRACE::2026-01-30.13:35:58::SCWBifWriter::proc[0] : ps7_cortexa9_0
TRACE::2026-01-30.13:35:58::SCWBifWriter::Device type is : zynq
TRACE::2026-01-30.13:35:58::SCWBifWriter::Writing BIF to file : C:/Users/buenting/cpre4880/labs/mp-0/lab1_vitis_system/Debug/system.bif
TRACE::2026-01-30.13:35:58::SCWBifWriter::Writing the Zynq Baremetal bif 
TRACE::2026-01-30.13:59:43::SCWBifWriter::Found the complete platform C:/Users/buenting/cpre4880/labs/mp-0/design_1_wrapper/export/design_1_wrapper/design_1_wrapper.xpfm
TRACE::2026-01-30.13:59:44::SCWBifWriter::hardware databse : design_1_wrapper_6
TRACE::2026-01-30.13:59:44::SCWBifWriter::bitstream found in the design
TRACE::2026-01-30.13:59:44::SCWBifWriter::Found a baremetal domain, proc: ps7_cortexa9_0
TRACE::2026-01-30.13:59:44::SCWBifWriter::proc type : 
TRACE::2026-01-30.13:59:44::SCWBifWriter::proc[0] : ps7_cortexa9_0
TRACE::2026-01-30.13:59:44::SCWBifWriter::Device type is : zynq
TRACE::2026-01-30.13:59:44::SCWBifWriter::Writing BIF to file : C:/Users/buenting/cpre4880/labs/mp-0/lab1_vitis_system/Debug/system.bif
TRACE::2026-01-30.13:59:44::SCWBifWriter::Writing the Zynq Baremetal bif 
TRACE::2026-01-30.14:43:45::SCWBifWriter::Found the complete platform C:/Users/buenting/cpre4880/labs/mp-0/design_1_wrapper/export/design_1_wrapper/design_1_wrapper.xpfm
TRACE::2026-01-30.14:43:45::SCWBifWriter::hardware databse : design_1_wrapper_14
TRACE::2026-01-30.14:43:45::SCWBifWriter::bitstream found in the design
TRACE::2026-01-30.14:43:45::SCWBifWriter::Found a baremetal domain, proc: ps7_cortexa9_0
TRACE::2026-01-30.14:43:45::SCWBifWriter::proc type : 
TRACE::2026-01-30.14:43:45::SCWBifWriter::proc[0] : ps7_cortexa9_0
TRACE::2026-01-30.14:43:45::SCWBifWriter::Device type is : zynq
TRACE::2026-01-30.14:43:45::SCWBifWriter::Writing BIF to file : C:/Users/buenting/cpre4880/labs/mp-0/lab1_vitis_system/Debug/system.bif
TRACE::2026-01-30.14:43:45::SCWBifWriter::Writing the Zynq Baremetal bif 
