
*** Running vivado
    with args -log design_1_wrapper.vds -m64 -product Vivado -mode batch -messageDb vivado.pb -notrace -source design_1_wrapper.tcl



****** Vivado v2020.1 (64-bit)
  **** SW Build 2902540 on Wed May 27 19:54:49 MDT 2020
  **** IP Build 2902112 on Wed May 27 22:43:36 MDT 2020
    ** Copyright 1986-2020 Xilinx, Inc. All Rights Reserved.

source design_1_wrapper.tcl -notrace
INFO: [IP_Flow 19-234] Refreshing IP repositories
INFO: [IP_Flow 19-1704] No user IP repositories specified
INFO: [IP_Flow 19-2313] Loaded Vivado IP repository 'C:/Xilinx/Vivado/2020.1/data/ip'.
Command: synth_design -top design_1_wrapper -part xc7z020clg484-1
Starting synth_design
Attempting to get a license for feature 'Synthesis' and/or device 'xc7z020'
INFO: [Common 17-349] Got license for feature 'Synthesis' and/or device 'xc7z020'
INFO: [Device 21-403] Loading part xc7z020clg484-1
INFO: [Synth 8-7079] Multithreading enabled for synth_design using a maximum of 2 processes.
INFO: [Synth 8-7078] Launching helper process for spawning children vivado processes
INFO: [Synth 8-7075] Helper process launched with PID 7596
---------------------------------------------------------------------------------
Starting RTL Elaboration : Time (s): cpu = 00:00:01 ; elapsed = 00:00:02 . Memory (MB): peak = 1013.793 ; gain = 0.000
---------------------------------------------------------------------------------
INFO: [Synth 8-638] synthesizing module 'design_1_wrapper' [C:/Users/buenting/cpre4880/labs/mp-0/lab1/lab1.srcs/sources_1/bd/design_1/hdl/design_1_wrapper.vhd:48]
INFO: [Synth 8-3491] module 'design_1' declared at 'C:/Users/buenting/cpre4880/labs/mp-0/lab1/lab1.srcs/sources_1/bd/design_1/synth/design_1.vhd:1778' bound to instance 'design_1_i' of component 'design_1' [C:/Users/buenting/cpre4880/labs/mp-0/lab1/lab1.srcs/sources_1/bd/design_1/hdl/design_1_wrapper.vhd:83]
INFO: [Synth 8-638] synthesizing module 'design_1' [C:/Users/buenting/cpre4880/labs/mp-0/lab1/lab1.srcs/sources_1/bd/design_1/synth/design_1.vhd:1816]
INFO: [Synth 8-3491] module 'design_1_axi_gpio_0_1' declared at 'C:/Users/buenting/cpre4880/labs/mp-0/lab1/lab1.runs/synth_1/.Xil/Vivado-10324-CO2041-10/realtime/design_1_axi_gpio_0_1_stub.vhdl:5' bound to instance 'axi_gpio_0' of component 'design_1_axi_gpio_0_1' [C:/Users/buenting/cpre4880/labs/mp-0/lab1/lab1.srcs/sources_1/bd/design_1/synth/design_1.vhd:2460]
INFO: [Synth 8-638] synthesizing module 'design_1_axi_gpio_0_1' [C:/Users/buenting/cpre4880/labs/mp-0/lab1/lab1.runs/synth_1/.Xil/Vivado-10324-CO2041-10/realtime/design_1_axi_gpio_0_1_stub.vhdl:31]
INFO: [Synth 8-3491] module 'design_1_axi_gpio_1_1' declared at 'C:/Users/buenting/cpre4880/labs/mp-0/lab1/lab1.runs/synth_1/.Xil/Vivado-10324-CO2041-10/realtime/design_1_axi_gpio_1_1_stub.vhdl:5' bound to instance 'axi_gpio_1' of component 'design_1_axi_gpio_1_1' [C:/Users/buenting/cpre4880/labs/mp-0/lab1/lab1.srcs/sources_1/bd/design_1/synth/design_1.vhd:2483]
INFO: [Synth 8-638] synthesizing module 'design_1_axi_gpio_1_1' [C:/Users/buenting/cpre4880/labs/mp-0/lab1/lab1.runs/synth_1/.Xil/Vivado-10324-CO2041-10/realtime/design_1_axi_gpio_1_1_stub.vhdl:31]
INFO: [Synth 8-3491] module 'design_1_axi_gpio_2_1' declared at 'C:/Users/buenting/cpre4880/labs/mp-0/lab1/lab1.runs/synth_1/.Xil/Vivado-10324-CO2041-10/realtime/design_1_axi_gpio_2_1_stub.vhdl:5' bound to instance 'axi_gpio_2' of component 'design_1_axi_gpio_2_1' [C:/Users/buenting/cpre4880/labs/mp-0/lab1/lab1.srcs/sources_1/bd/design_1/synth/design_1.vhd:2506]
INFO: [Synth 8-638] synthesizing module 'design_1_axi_gpio_2_1' [C:/Users/buenting/cpre4880/labs/mp-0/lab1/lab1.runs/synth_1/.Xil/Vivado-10324-CO2041-10/realtime/design_1_axi_gpio_2_1_stub.vhdl:31]
INFO: [Synth 8-3491] module 'design_1_axi_vdma_0_1' declared at 'C:/Users/buenting/cpre4880/labs/mp-0/lab1/lab1.runs/synth_1/.Xil/Vivado-10324-CO2041-10/realtime/design_1_axi_vdma_0_1_stub.vhdl:5' bound to instance 'axi_vdma_0' of component 'design_1_axi_vdma_0_1' [C:/Users/buenting/cpre4880/labs/mp-0/lab1/lab1.srcs/sources_1/bd/design_1/synth/design_1.vhd:2529]
INFO: [Synth 8-638] synthesizing module 'design_1_axi_vdma_0_1' [C:/Users/buenting/cpre4880/labs/mp-0/lab1/lab1.runs/synth_1/.Xil/Vivado-10324-CO2041-10/realtime/design_1_axi_vdma_0_1_stub.vhdl:53]
ERROR: [Synth 8-549] port width mismatch for port 'm_axis_mm2s_tdata': port width = 16, actual width = 24 [C:/Users/buenting/cpre4880/labs/mp-0/lab1/lab1.srcs/sources_1/bd/design_1/synth/design_1.vhd:2081]
ERROR: [Synth 8-549] port width mismatch for port 'm_axis_mm2s_tkeep': port width = 2, actual width = 3 [C:/Users/buenting/cpre4880/labs/mp-0/lab1/lab1.srcs/sources_1/bd/design_1/synth/design_1.vhd:2082]
ERROR: [Synth 8-285] failed synthesizing module 'design_1' [C:/Users/buenting/cpre4880/labs/mp-0/lab1/lab1.srcs/sources_1/bd/design_1/synth/design_1.vhd:1816]
ERROR: [Synth 8-285] failed synthesizing module 'design_1_wrapper' [C:/Users/buenting/cpre4880/labs/mp-0/lab1/lab1.srcs/sources_1/bd/design_1/hdl/design_1_wrapper.vhd:48]
---------------------------------------------------------------------------------
Finished RTL Elaboration : Time (s): cpu = 00:00:02 ; elapsed = 00:00:02 . Memory (MB): peak = 1013.793 ; gain = 0.000
---------------------------------------------------------------------------------
RTL Elaboration failed
INFO: [Common 17-83] Releasing license: Synthesis
20 Infos, 0 Warnings, 0 Critical Warnings and 5 Errors encountered.
synth_design failed
ERROR: [Common 17-69] Command failed: Synthesis failed - please see the console or run log file for details
INFO: [Common 17-206] Exiting Vivado at Fri Jan 30 11:42:17 2026...
