
*** Running vivado
    with args -log design_1_wrapper.vdi -applog -m64 -product Vivado -messageDb vivado.pb -mode batch -source design_1_wrapper.tcl -notrace



****** Vivado v2020.1 (64-bit)
  **** SW Build 2902540 on Wed May 27 19:54:49 MDT 2020
  **** IP Build 2902112 on Wed May 27 22:43:36 MDT 2020
    ** Copyright 1986-2020 Xilinx, Inc. All Rights Reserved.

source design_1_wrapper.tcl -notrace
INFO: [IP_Flow 19-234] Refreshing IP repositories
INFO: [IP_Flow 19-1704] No user IP repositories specified
INFO: [IP_Flow 19-2313] Loaded Vivado IP repository 'C:/Xilinx/Vivado/2020.1/data/ip'.
Command: link_design -top design_1_wrapper -part xc7z020clg484-1
Design is defaulting to srcset: sources_1
Design is defaulting to constrset: constrs_1
INFO: [Device 21-403] Loading part xc7z020clg484-1
INFO: [Project 1-454] Reading design checkpoint 'c:/Users/buenting/cpre4880/labs/mp-0/lab1/lab1.srcs/sources_1/bd/design_1/ip/design_1_axi_gpio_0_1/design_1_axi_gpio_0_1.dcp' for cell 'design_1_i/axi_gpio_0'
INFO: [Project 1-454] Reading design checkpoint 'c:/Users/buenting/cpre4880/labs/mp-0/lab1/lab1.srcs/sources_1/bd/design_1/ip/design_1_axi_gpio_1_1/design_1_axi_gpio_1_1.dcp' for cell 'design_1_i/axi_gpio_1'
INFO: [Project 1-454] Reading design checkpoint 'c:/Users/buenting/cpre4880/labs/mp-0/lab1/lab1.srcs/sources_1/bd/design_1/ip/design_1_axi_gpio_2_1/design_1_axi_gpio_2_1.dcp' for cell 'design_1_i/axi_gpio_2'
INFO: [Project 1-454] Reading design checkpoint 'c:/Users/buenting/cpre4880/labs/mp-0/lab1/lab1.srcs/sources_1/bd/design_1/ip/design_1_axi_vdma_0_1/design_1_axi_vdma_0_1.dcp' for cell 'design_1_i/axi_vdma_0'
INFO: [Project 1-454] Reading design checkpoint 'c:/Users/buenting/cpre4880/labs/mp-0/lab1/lab1.srcs/sources_1/bd/design_1/ip/design_1_axis_dwidth_converter_0_0/design_1_axis_dwidth_converter_0_0.dcp' for cell 'design_1_i/axis_dwidth_converter_0'
INFO: [Project 1-454] Reading design checkpoint 'c:/Users/buenting/cpre4880/labs/mp-0/lab1/lab1.srcs/sources_1/bd/design_1/ip/design_1_proc_sys_reset_0_0/design_1_proc_sys_reset_0_0.dcp' for cell 'design_1_i/proc_sys_reset_0'
INFO: [Project 1-454] Reading design checkpoint 'c:/Users/buenting/cpre4880/labs/mp-0/lab1/lab1.srcs/sources_1/bd/design_1/ip/design_1_processing_system7_0_0/design_1_processing_system7_0_0.dcp' for cell 'design_1_i/processing_system7_0'
INFO: [Project 1-454] Reading design checkpoint 'c:/Users/buenting/cpre4880/labs/mp-0/lab1/lab1.srcs/sources_1/bd/design_1/ip/design_1_rst_ps7_0_100M_1/design_1_rst_ps7_0_100M_1.dcp' for cell 'design_1_i/rst_ps7_0_100M'
INFO: [Project 1-454] Reading design checkpoint 'c:/Users/buenting/cpre4880/labs/mp-0/lab1/lab1.srcs/sources_1/bd/design_1/ip/design_1_system_ila_0_0/design_1_system_ila_0_0.dcp' for cell 'design_1_i/system_ila_0'
INFO: [Project 1-454] Reading design checkpoint 'c:/Users/buenting/cpre4880/labs/mp-0/lab1/lab1.srcs/sources_1/bd/design_1/ip/design_1_v_axi4s_vid_out_0_1/design_1_v_axi4s_vid_out_0_1.dcp' for cell 'design_1_i/v_axi4s_vid_out_0'
INFO: [Project 1-454] Reading design checkpoint 'c:/Users/buenting/cpre4880/labs/mp-0/lab1/lab1.srcs/sources_1/bd/design_1/ip/design_1_v_tc_0_1/design_1_v_tc_0_1.dcp' for cell 'design_1_i/v_tc_0'
INFO: [Project 1-454] Reading design checkpoint 'c:/Users/buenting/cpre4880/labs/mp-0/lab1/lab1.srcs/sources_1/bd/design_1/ip/design_1_xbar_0/design_1_xbar_0.dcp' for cell 'design_1_i/ps7_0_axi_periph/xbar'
INFO: [Project 1-454] Reading design checkpoint 'c:/Users/buenting/cpre4880/labs/mp-0/lab1/lab1.srcs/sources_1/bd/design_1/ip/design_1_auto_pc_0/design_1_auto_pc_0.dcp' for cell 'design_1_i/ps7_0_axi_periph/s00_couplers/auto_pc'
Netlist sorting complete. Time (s): cpu = 00:00:00 ; elapsed = 00:00:00.107 . Memory (MB): peak = 1013.695 ; gain = 0.000
INFO: [Netlist 29-17] Analyzing 600 Unisim elements for replacement
INFO: [Netlist 29-28] Unisim Transformation completed in 0 CPU seconds
INFO: [Project 1-479] Netlist was created with Vivado 2020.1
INFO: [Project 1-570] Preparing netlist for logic optimization
INFO: [Chipscope 16-324] Core: design_1_i/system_ila_0/U0/ila_lib UUID: e0698dbb-7e4f-5bce-a82c-fc5d3d48baa4 
Parsing XDC File [c:/Users/buenting/cpre4880/labs/mp-0/lab1/lab1.srcs/sources_1/bd/design_1/ip/design_1_processing_system7_0_0/design_1_processing_system7_0_0.xdc] for cell 'design_1_i/processing_system7_0/inst'
Finished Parsing XDC File [c:/Users/buenting/cpre4880/labs/mp-0/lab1/lab1.srcs/sources_1/bd/design_1/ip/design_1_processing_system7_0_0/design_1_processing_system7_0_0.xdc] for cell 'design_1_i/processing_system7_0/inst'
Parsing XDC File [c:/Users/buenting/cpre4880/labs/mp-0/lab1/lab1.srcs/sources_1/bd/design_1/ip/design_1_axi_gpio_0_1/design_1_axi_gpio_0_1_board.xdc] for cell 'design_1_i/axi_gpio_0/U0'
Finished Parsing XDC File [c:/Users/buenting/cpre4880/labs/mp-0/lab1/lab1.srcs/sources_1/bd/design_1/ip/design_1_axi_gpio_0_1/design_1_axi_gpio_0_1_board.xdc] for cell 'design_1_i/axi_gpio_0/U0'
Parsing XDC File [c:/Users/buenting/cpre4880/labs/mp-0/lab1/lab1.srcs/sources_1/bd/design_1/ip/design_1_axi_gpio_0_1/design_1_axi_gpio_0_1.xdc] for cell 'design_1_i/axi_gpio_0/U0'
Finished Parsing XDC File [c:/Users/buenting/cpre4880/labs/mp-0/lab1/lab1.srcs/sources_1/bd/design_1/ip/design_1_axi_gpio_0_1/design_1_axi_gpio_0_1.xdc] for cell 'design_1_i/axi_gpio_0/U0'
Parsing XDC File [c:/Users/buenting/cpre4880/labs/mp-0/lab1/lab1.srcs/sources_1/bd/design_1/ip/design_1_axi_gpio_1_1/design_1_axi_gpio_1_1_board.xdc] for cell 'design_1_i/axi_gpio_1/U0'
Finished Parsing XDC File [c:/Users/buenting/cpre4880/labs/mp-0/lab1/lab1.srcs/sources_1/bd/design_1/ip/design_1_axi_gpio_1_1/design_1_axi_gpio_1_1_board.xdc] for cell 'design_1_i/axi_gpio_1/U0'
Parsing XDC File [c:/Users/buenting/cpre4880/labs/mp-0/lab1/lab1.srcs/sources_1/bd/design_1/ip/design_1_axi_gpio_1_1/design_1_axi_gpio_1_1.xdc] for cell 'design_1_i/axi_gpio_1/U0'
Finished Parsing XDC File [c:/Users/buenting/cpre4880/labs/mp-0/lab1/lab1.srcs/sources_1/bd/design_1/ip/design_1_axi_gpio_1_1/design_1_axi_gpio_1_1.xdc] for cell 'design_1_i/axi_gpio_1/U0'
Parsing XDC File [c:/Users/buenting/cpre4880/labs/mp-0/lab1/lab1.srcs/sources_1/bd/design_1/ip/design_1_axi_gpio_2_1/design_1_axi_gpio_2_1_board.xdc] for cell 'design_1_i/axi_gpio_2/U0'
Finished Parsing XDC File [c:/Users/buenting/cpre4880/labs/mp-0/lab1/lab1.srcs/sources_1/bd/design_1/ip/design_1_axi_gpio_2_1/design_1_axi_gpio_2_1_board.xdc] for cell 'design_1_i/axi_gpio_2/U0'
Parsing XDC File [c:/Users/buenting/cpre4880/labs/mp-0/lab1/lab1.srcs/sources_1/bd/design_1/ip/design_1_axi_gpio_2_1/design_1_axi_gpio_2_1.xdc] for cell 'design_1_i/axi_gpio_2/U0'
Finished Parsing XDC File [c:/Users/buenting/cpre4880/labs/mp-0/lab1/lab1.srcs/sources_1/bd/design_1/ip/design_1_axi_gpio_2_1/design_1_axi_gpio_2_1.xdc] for cell 'design_1_i/axi_gpio_2/U0'
Parsing XDC File [c:/Users/buenting/cpre4880/labs/mp-0/lab1/lab1.srcs/sources_1/bd/design_1/ip/design_1_rst_ps7_0_100M_1/design_1_rst_ps7_0_100M_1_board.xdc] for cell 'design_1_i/rst_ps7_0_100M/U0'
Finished Parsing XDC File [c:/Users/buenting/cpre4880/labs/mp-0/lab1/lab1.srcs/sources_1/bd/design_1/ip/design_1_rst_ps7_0_100M_1/design_1_rst_ps7_0_100M_1_board.xdc] for cell 'design_1_i/rst_ps7_0_100M/U0'
Parsing XDC File [c:/Users/buenting/cpre4880/labs/mp-0/lab1/lab1.srcs/sources_1/bd/design_1/ip/design_1_rst_ps7_0_100M_1/design_1_rst_ps7_0_100M_1.xdc] for cell 'design_1_i/rst_ps7_0_100M/U0'
Finished Parsing XDC File [c:/Users/buenting/cpre4880/labs/mp-0/lab1/lab1.srcs/sources_1/bd/design_1/ip/design_1_rst_ps7_0_100M_1/design_1_rst_ps7_0_100M_1.xdc] for cell 'design_1_i/rst_ps7_0_100M/U0'
Parsing XDC File [c:/Users/buenting/cpre4880/labs/mp-0/lab1/lab1.srcs/sources_1/bd/design_1/ip/design_1_system_ila_0_0/bd_0/ip/ip_0/ila_v6_2/constraints/ila_impl.xdc] for cell 'design_1_i/system_ila_0/U0/ila_lib/U0'
Finished Parsing XDC File [c:/Users/buenting/cpre4880/labs/mp-0/lab1/lab1.srcs/sources_1/bd/design_1/ip/design_1_system_ila_0_0/bd_0/ip/ip_0/ila_v6_2/constraints/ila_impl.xdc] for cell 'design_1_i/system_ila_0/U0/ila_lib/U0'
Parsing XDC File [c:/Users/buenting/cpre4880/labs/mp-0/lab1/lab1.srcs/sources_1/bd/design_1/ip/design_1_system_ila_0_0/bd_0/ip/ip_0/ila_v6_2/constraints/ila.xdc] for cell 'design_1_i/system_ila_0/U0/ila_lib/U0'
Finished Parsing XDC File [c:/Users/buenting/cpre4880/labs/mp-0/lab1/lab1.srcs/sources_1/bd/design_1/ip/design_1_system_ila_0_0/bd_0/ip/ip_0/ila_v6_2/constraints/ila.xdc] for cell 'design_1_i/system_ila_0/U0/ila_lib/U0'
Parsing XDC File [c:/Users/buenting/cpre4880/labs/mp-0/lab1/lab1.srcs/sources_1/bd/design_1/ip/design_1_axi_vdma_0_1/design_1_axi_vdma_0_1.xdc] for cell 'design_1_i/axi_vdma_0/U0'
WARNING: [Vivado_Tcl 4-921] Waiver ID 'CDC-4' -to list should not be empty. [c:/Users/buenting/cpre4880/labs/mp-0/lab1/lab1.srcs/sources_1/bd/design_1/ip/design_1_axi_vdma_0_1/design_1_axi_vdma_0_1.xdc:65]
WARNING: [Vivado_Tcl 4-921] Waiver ID 'CDC-4' -to list should not be empty. [c:/Users/buenting/cpre4880/labs/mp-0/lab1/lab1.srcs/sources_1/bd/design_1/ip/design_1_axi_vdma_0_1/design_1_axi_vdma_0_1.xdc:69]
WARNING: [Vivado_Tcl 4-921] Waiver ID 'CDC-4' -to list should not be empty. [c:/Users/buenting/cpre4880/labs/mp-0/lab1/lab1.srcs/sources_1/bd/design_1/ip/design_1_axi_vdma_0_1/design_1_axi_vdma_0_1.xdc:93]
WARNING: [Vivado_Tcl 4-921] Waiver ID 'CDC-4' -to list should not be empty. [c:/Users/buenting/cpre4880/labs/mp-0/lab1/lab1.srcs/sources_1/bd/design_1/ip/design_1_axi_vdma_0_1/design_1_axi_vdma_0_1.xdc:97]
WARNING: [Vivado_Tcl 4-921] Waiver ID 'CDC-4' -to list should not be empty. [c:/Users/buenting/cpre4880/labs/mp-0/lab1/lab1.srcs/sources_1/bd/design_1/ip/design_1_axi_vdma_0_1/design_1_axi_vdma_0_1.xdc:101]
WARNING: [Vivado_Tcl 4-921] Waiver ID 'CDC-4' -to list should not be empty. [c:/Users/buenting/cpre4880/labs/mp-0/lab1/lab1.srcs/sources_1/bd/design_1/ip/design_1_axi_vdma_0_1/design_1_axi_vdma_0_1.xdc:105]
WARNING: [Vivado_Tcl 4-921] Waiver ID 'CDC-4' -to list should not be empty. [c:/Users/buenting/cpre4880/labs/mp-0/lab1/lab1.srcs/sources_1/bd/design_1/ip/design_1_axi_vdma_0_1/design_1_axi_vdma_0_1.xdc:109]
WARNING: [Vivado_Tcl 4-921] Waiver ID 'CDC-1' -to list should not be empty. [c:/Users/buenting/cpre4880/labs/mp-0/lab1/lab1.srcs/sources_1/bd/design_1/ip/design_1_axi_vdma_0_1/design_1_axi_vdma_0_1.xdc:113]
WARNING: [Vivado_Tcl 4-921] Waiver ID 'CDC-4' -to list should not be empty. [c:/Users/buenting/cpre4880/labs/mp-0/lab1/lab1.srcs/sources_1/bd/design_1/ip/design_1_axi_vdma_0_1/design_1_axi_vdma_0_1.xdc:121]
WARNING: [Vivado_Tcl 4-921] Waiver ID 'CDC-4' -to list should not be empty. [c:/Users/buenting/cpre4880/labs/mp-0/lab1/lab1.srcs/sources_1/bd/design_1/ip/design_1_axi_vdma_0_1/design_1_axi_vdma_0_1.xdc:125]
WARNING: [Vivado_Tcl 4-921] Waiver ID 'CDC-1' -to list should not be empty. [c:/Users/buenting/cpre4880/labs/mp-0/lab1/lab1.srcs/sources_1/bd/design_1/ip/design_1_axi_vdma_0_1/design_1_axi_vdma_0_1.xdc:129]
WARNING: [Vivado_Tcl 4-921] Waiver ID 'CDC-4' -to list should not be empty. [c:/Users/buenting/cpre4880/labs/mp-0/lab1/lab1.srcs/sources_1/bd/design_1/ip/design_1_axi_vdma_0_1/design_1_axi_vdma_0_1.xdc:141]
WARNING: [Vivado_Tcl 4-921] Waiver ID 'CDC-4' -to list should not be empty. [c:/Users/buenting/cpre4880/labs/mp-0/lab1/lab1.srcs/sources_1/bd/design_1/ip/design_1_axi_vdma_0_1/design_1_axi_vdma_0_1.xdc:145]
WARNING: [Vivado_Tcl 4-921] Waiver ID 'CDC-1' -to list should not be empty. [c:/Users/buenting/cpre4880/labs/mp-0/lab1/lab1.srcs/sources_1/bd/design_1/ip/design_1_axi_vdma_0_1/design_1_axi_vdma_0_1.xdc:149]
WARNING: [Vivado_Tcl 4-921] Waiver ID 'CDC-4' -to list should not be empty. [c:/Users/buenting/cpre4880/labs/mp-0/lab1/lab1.srcs/sources_1/bd/design_1/ip/design_1_axi_vdma_0_1/design_1_axi_vdma_0_1.xdc:153]
WARNING: [Vivado_Tcl 4-921] Waiver ID 'CDC-4' -to list should not be empty. [c:/Users/buenting/cpre4880/labs/mp-0/lab1/lab1.srcs/sources_1/bd/design_1/ip/design_1_axi_vdma_0_1/design_1_axi_vdma_0_1.xdc:157]
WARNING: [Vivado_Tcl 4-921] Waiver ID 'CDC-4' -to list should not be empty. [c:/Users/buenting/cpre4880/labs/mp-0/lab1/lab1.srcs/sources_1/bd/design_1/ip/design_1_axi_vdma_0_1/design_1_axi_vdma_0_1.xdc:161]
WARNING: [Vivado_Tcl 4-921] Waiver ID 'CDC-4' -to list should not be empty. [c:/Users/buenting/cpre4880/labs/mp-0/lab1/lab1.srcs/sources_1/bd/design_1/ip/design_1_axi_vdma_0_1/design_1_axi_vdma_0_1.xdc:165]
WARNING: [Vivado_Tcl 4-921] Waiver ID 'CDC-4' -to list should not be empty. [c:/Users/buenting/cpre4880/labs/mp-0/lab1/lab1.srcs/sources_1/bd/design_1/ip/design_1_axi_vdma_0_1/design_1_axi_vdma_0_1.xdc:169]
WARNING: [Vivado_Tcl 4-921] Waiver ID 'CDC-4' -to list should not be empty. [c:/Users/buenting/cpre4880/labs/mp-0/lab1/lab1.srcs/sources_1/bd/design_1/ip/design_1_axi_vdma_0_1/design_1_axi_vdma_0_1.xdc:173]
WARNING: [Vivado_Tcl 4-921] Waiver ID 'CDC-4' -to list should not be empty. [c:/Users/buenting/cpre4880/labs/mp-0/lab1/lab1.srcs/sources_1/bd/design_1/ip/design_1_axi_vdma_0_1/design_1_axi_vdma_0_1.xdc:177]
WARNING: [Vivado_Tcl 4-921] Waiver ID 'CDC-1' -to list should not be empty. [c:/Users/buenting/cpre4880/labs/mp-0/lab1/lab1.srcs/sources_1/bd/design_1/ip/design_1_axi_vdma_0_1/design_1_axi_vdma_0_1.xdc:181]
WARNING: [Vivado_Tcl 4-921] Waiver ID 'CDC-4' -to list should not be empty. [c:/Users/buenting/cpre4880/labs/mp-0/lab1/lab1.srcs/sources_1/bd/design_1/ip/design_1_axi_vdma_0_1/design_1_axi_vdma_0_1.xdc:185]
WARNING: [Vivado_Tcl 4-921] Waiver ID 'CDC-1' -to list should not be empty. [c:/Users/buenting/cpre4880/labs/mp-0/lab1/lab1.srcs/sources_1/bd/design_1/ip/design_1_axi_vdma_0_1/design_1_axi_vdma_0_1.xdc:189]
WARNING: [Vivado_Tcl 4-921] Waiver ID 'CDC-6' -to list should not be empty. [c:/Users/buenting/cpre4880/labs/mp-0/lab1/lab1.srcs/sources_1/bd/design_1/ip/design_1_axi_vdma_0_1/design_1_axi_vdma_0_1.xdc:197]
WARNING: [Vivado_Tcl 4-921] Waiver ID 'CDC-6' -to list should not be empty. [c:/Users/buenting/cpre4880/labs/mp-0/lab1/lab1.srcs/sources_1/bd/design_1/ip/design_1_axi_vdma_0_1/design_1_axi_vdma_0_1.xdc:205]
WARNING: [Vivado_Tcl 4-921] Waiver ID 'CDC-6' -to list should not be empty. [c:/Users/buenting/cpre4880/labs/mp-0/lab1/lab1.srcs/sources_1/bd/design_1/ip/design_1_axi_vdma_0_1/design_1_axi_vdma_0_1.xdc:213]
WARNING: [Vivado_Tcl 4-921] Waiver ID 'CDC-6' -to list should not be empty. [c:/Users/buenting/cpre4880/labs/mp-0/lab1/lab1.srcs/sources_1/bd/design_1/ip/design_1_axi_vdma_0_1/design_1_axi_vdma_0_1.xdc:217]
WARNING: [Vivado_Tcl 4-921] Waiver ID 'CDC-6' -to list should not be empty. [c:/Users/buenting/cpre4880/labs/mp-0/lab1/lab1.srcs/sources_1/bd/design_1/ip/design_1_axi_vdma_0_1/design_1_axi_vdma_0_1.xdc:221]
WARNING: [Vivado_Tcl 4-921] Waiver ID 'CDC-6' -to list should not be empty. [c:/Users/buenting/cpre4880/labs/mp-0/lab1/lab1.srcs/sources_1/bd/design_1/ip/design_1_axi_vdma_0_1/design_1_axi_vdma_0_1.xdc:225]
Finished Parsing XDC File [c:/Users/buenting/cpre4880/labs/mp-0/lab1/lab1.srcs/sources_1/bd/design_1/ip/design_1_axi_vdma_0_1/design_1_axi_vdma_0_1.xdc] for cell 'design_1_i/axi_vdma_0/U0'
Parsing XDC File [c:/Users/buenting/cpre4880/labs/mp-0/lab1/lab1.srcs/sources_1/bd/design_1/ip/design_1_proc_sys_reset_0_0/design_1_proc_sys_reset_0_0_board.xdc] for cell 'design_1_i/proc_sys_reset_0/U0'
Finished Parsing XDC File [c:/Users/buenting/cpre4880/labs/mp-0/lab1/lab1.srcs/sources_1/bd/design_1/ip/design_1_proc_sys_reset_0_0/design_1_proc_sys_reset_0_0_board.xdc] for cell 'design_1_i/proc_sys_reset_0/U0'
Parsing XDC File [c:/Users/buenting/cpre4880/labs/mp-0/lab1/lab1.srcs/sources_1/bd/design_1/ip/design_1_proc_sys_reset_0_0/design_1_proc_sys_reset_0_0.xdc] for cell 'design_1_i/proc_sys_reset_0/U0'
Finished Parsing XDC File [c:/Users/buenting/cpre4880/labs/mp-0/lab1/lab1.srcs/sources_1/bd/design_1/ip/design_1_proc_sys_reset_0_0/design_1_proc_sys_reset_0_0.xdc] for cell 'design_1_i/proc_sys_reset_0/U0'
Parsing XDC File [C:/Users/buenting/cpre4880/labs/mp-0/lab1/lab1.srcs/constrs_1/new/mp-0.xdc]
Finished Parsing XDC File [C:/Users/buenting/cpre4880/labs/mp-0/lab1/lab1.srcs/constrs_1/new/mp-0.xdc]
Parsing XDC File [c:/Users/buenting/cpre4880/labs/mp-0/lab1/lab1.srcs/sources_1/bd/design_1/ip/design_1_v_tc_0_1/design_1_v_tc_0_1_clocks.xdc] for cell 'design_1_i/v_tc_0/U0'
INFO: [Timing 38-35] Done setting XDC timing constraints. [c:/Users/buenting/cpre4880/labs/mp-0/lab1/lab1.srcs/sources_1/bd/design_1/ip/design_1_v_tc_0_1/design_1_v_tc_0_1_clocks.xdc:2]
Finished Parsing XDC File [c:/Users/buenting/cpre4880/labs/mp-0/lab1/lab1.srcs/sources_1/bd/design_1/ip/design_1_v_tc_0_1/design_1_v_tc_0_1_clocks.xdc] for cell 'design_1_i/v_tc_0/U0'
Parsing XDC File [c:/Users/buenting/cpre4880/labs/mp-0/lab1/lab1.srcs/sources_1/bd/design_1/ip/design_1_axi_vdma_0_1/design_1_axi_vdma_0_1_clocks.xdc] for cell 'design_1_i/axi_vdma_0/U0'
Finished Parsing XDC File [c:/Users/buenting/cpre4880/labs/mp-0/lab1/lab1.srcs/sources_1/bd/design_1/ip/design_1_axi_vdma_0_1/design_1_axi_vdma_0_1_clocks.xdc] for cell 'design_1_i/axi_vdma_0/U0'
Parsing XDC File [c:/Users/buenting/cpre4880/labs/mp-0/lab1/lab1.srcs/sources_1/bd/design_1/ip/design_1_v_axi4s_vid_out_0_1/design_1_v_axi4s_vid_out_0_1_clocks.xdc] for cell 'design_1_i/v_axi4s_vid_out_0/inst'
Finished Parsing XDC File [c:/Users/buenting/cpre4880/labs/mp-0/lab1/lab1.srcs/sources_1/bd/design_1/ip/design_1_v_axi4s_vid_out_0_1/design_1_v_axi4s_vid_out_0_1_clocks.xdc] for cell 'design_1_i/v_axi4s_vid_out_0/inst'
Sourcing Tcl File [C:/Xilinx/Vivado/2020.1/data/ip/xpm/xpm_cdc/tcl/xpm_cdc_single.tcl] for cell 'design_1_i/v_axi4s_vid_out_0/inst/CDC_SINGLE_LOCKED_INST/xpm_cdc_single_inst'
Finished Sourcing Tcl File [C:/Xilinx/Vivado/2020.1/data/ip/xpm/xpm_cdc/tcl/xpm_cdc_single.tcl] for cell 'design_1_i/v_axi4s_vid_out_0/inst/CDC_SINGLE_LOCKED_INST/xpm_cdc_single_inst'
Sourcing Tcl File [C:/Xilinx/Vivado/2020.1/data/ip/xpm/xpm_cdc/tcl/xpm_cdc_single.tcl] for cell 'design_1_i/v_axi4s_vid_out_0/inst/CDC_SINGLE_REMAP_UNDERFLOW_INST/xpm_cdc_single_inst'
Finished Sourcing Tcl File [C:/Xilinx/Vivado/2020.1/data/ip/xpm/xpm_cdc/tcl/xpm_cdc_single.tcl] for cell 'design_1_i/v_axi4s_vid_out_0/inst/CDC_SINGLE_REMAP_UNDERFLOW_INST/xpm_cdc_single_inst'
Sourcing Tcl File [C:/Xilinx/Vivado/2020.1/data/ip/xpm/xpm_fifo/tcl/xpm_fifo_rst.tcl] for cell 'design_1_i/axi_vdma_0/U0/I_PRMRY_DATAMOVER/GEN_MM2S_FULL.I_MM2S_FULL_WRAPPER/GEN_INCLUDE_MM2S_SF.I_RD_SF/I_DATA_FIFO/BLK_MEM.I_SYNC_FIFOGEN_FIFO/xpm_fifo_instance.xpm_fifo_sync_inst'
Finished Sourcing Tcl File [C:/Xilinx/Vivado/2020.1/data/ip/xpm/xpm_fifo/tcl/xpm_fifo_rst.tcl] for cell 'design_1_i/axi_vdma_0/U0/I_PRMRY_DATAMOVER/GEN_MM2S_FULL.I_MM2S_FULL_WRAPPER/GEN_INCLUDE_MM2S_SF.I_RD_SF/I_DATA_FIFO/BLK_MEM.I_SYNC_FIFOGEN_FIFO/xpm_fifo_instance.xpm_fifo_sync_inst'
Sourcing Tcl File [C:/Xilinx/Vivado/2020.1/data/ip/xpm/xpm_fifo/tcl/xpm_fifo_rst.tcl] for cell 'design_1_i/v_axi4s_vid_out_0/inst/COUPLER_INST/generate_sync_fifo.FIFO_INST/XPM_FIFO_SYNC_INST'
Finished Sourcing Tcl File [C:/Xilinx/Vivado/2020.1/data/ip/xpm/xpm_fifo/tcl/xpm_fifo_rst.tcl] for cell 'design_1_i/v_axi4s_vid_out_0/inst/COUPLER_INST/generate_sync_fifo.FIFO_INST/XPM_FIFO_SYNC_INST'
INFO: [Opt 31-138] Pushed 0 inverter(s) to 0 load pin(s).
Netlist sorting complete. Time (s): cpu = 00:00:00 ; elapsed = 00:00:00.004 . Memory (MB): peak = 1452.461 ; gain = 0.000
INFO: [Project 1-111] Unisim Transformation Summary:
  A total of 144 instances were transformed.
  CFGLUT5 => CFGLUT5 (SRL16E, SRLC32E): 144 instances

25 Infos, 30 Warnings, 0 Critical Warnings and 0 Errors encountered.
link_design completed successfully
link_design: Time (s): cpu = 00:00:11 ; elapsed = 00:00:14 . Memory (MB): peak = 1452.461 ; gain = 438.766
INFO: [Common 17-600] The following parameters have non-default value.
tcl.collectionResultDisplayLimit
Command: opt_design
Attempting to get a license for feature 'Implementation' and/or device 'xc7z020'
INFO: [Common 17-349] Got license for feature 'Implementation' and/or device 'xc7z020'
Running DRC as a precondition to command opt_design

Starting DRC Task
INFO: [DRC 23-27] Running DRC with 2 threads
INFO: [Project 1-461] DRC finished with 0 Errors
INFO: [Project 1-462] Please refer to the DRC report (report_drc) for more information.

Time (s): cpu = 00:00:01 ; elapsed = 00:00:00.470 . Memory (MB): peak = 1452.461 ; gain = 0.000

Starting Cache Timing Information Task
INFO: [Timing 38-35] Done setting XDC timing constraints.
Ending Cache Timing Information Task | Checksum: 1e7b56d52

Time (s): cpu = 00:00:00 ; elapsed = 00:00:00.210 . Memory (MB): peak = 1452.461 ; gain = 0.000

Starting Logic Optimization Task

Phase 1 Generate And Synthesize Debug Cores
INFO: [Chipscope 16-329] Generating Script for core instance : dbg_hub 
INFO: [IP_Flow 19-3806] Processing IP xilinx.com:ip:xsdbm:3.0 for cell dbg_hub_CV.
INFO: [Chipscope 16-469] Using cached IP synthesis design for IP xilinx.com:ip:xsdbm:3.0, cache-ID = 3482f4b7a29e0f01.
Netlist sorting complete. Time (s): cpu = 00:00:00 ; elapsed = 00:00:00.013 . Memory (MB): peak = 1656.012 ; gain = 0.000
Phase 1 Generate And Synthesize Debug Cores | Checksum: 1b67416e3

Time (s): cpu = 00:00:01 ; elapsed = 00:00:08 . Memory (MB): peak = 1656.012 ; gain = 33.395

Phase 2 Retarget
INFO: [Opt 31-138] Pushed 3 inverter(s) to 7 load pin(s).
INFO: [Opt 31-49] Retargeted 0 cell(s).
Phase 2 Retarget | Checksum: 17a70be7f

Time (s): cpu = 00:00:01 ; elapsed = 00:00:08 . Memory (MB): peak = 1656.012 ; gain = 33.395
INFO: [Opt 31-389] Phase Retarget created 314 cells and removed 508 cells
INFO: [Opt 31-1021] In phase Retarget, 138 netlist objects are constrained preventing optimization. Please run opt_design with -debug_log to get more detail. 

Phase 3 Constant propagation
INFO: [Opt 31-138] Pushed 0 inverter(s) to 0 load pin(s).
Phase 3 Constant propagation | Checksum: 1b3d3fbfb

Time (s): cpu = 00:00:01 ; elapsed = 00:00:08 . Memory (MB): peak = 1656.012 ; gain = 33.395
INFO: [Opt 31-389] Phase Constant propagation created 70 cells and removed 432 cells
INFO: [Opt 31-1021] In phase Constant propagation, 347 netlist objects are constrained preventing optimization. Please run opt_design with -debug_log to get more detail. 

Phase 4 Sweep
Phase 4 Sweep | Checksum: 2087af351

Time (s): cpu = 00:00:02 ; elapsed = 00:00:09 . Memory (MB): peak = 1656.012 ; gain = 33.395
INFO: [Opt 31-389] Phase Sweep created 0 cells and removed 1800 cells
INFO: [Opt 31-1021] In phase Sweep, 1173 netlist objects are constrained preventing optimization. Please run opt_design with -debug_log to get more detail. 

Phase 5 BUFG optimization
Phase 5 BUFG optimization | Checksum: 2087af351

Time (s): cpu = 00:00:02 ; elapsed = 00:00:09 . Memory (MB): peak = 1656.012 ; gain = 33.395
INFO: [Opt 31-662] Phase BUFG optimization created 0 cells of which 0 are BUFGs and removed 0 cells.

Phase 6 Shift Register Optimization
INFO: [Opt 31-1064] SRL Remap converted 0 SRLs to 0 registers and converted 0 registers of register chains to 0 SRLs
Phase 6 Shift Register Optimization | Checksum: 2087af351

Time (s): cpu = 00:00:02 ; elapsed = 00:00:09 . Memory (MB): peak = 1656.012 ; gain = 33.395
INFO: [Opt 31-389] Phase Shift Register Optimization created 0 cells and removed 0 cells

Phase 7 Post Processing Netlist
Phase 7 Post Processing Netlist | Checksum: 2087af351

Time (s): cpu = 00:00:02 ; elapsed = 00:00:09 . Memory (MB): peak = 1656.012 ; gain = 33.395
INFO: [Opt 31-389] Phase Post Processing Netlist created 0 cells and removed 0 cells
INFO: [Opt 31-1021] In phase Post Processing Netlist, 57 netlist objects are constrained preventing optimization. Please run opt_design with -debug_log to get more detail. 
Opt_design Change Summary
=========================


-------------------------------------------------------------------------------------------------------------------------
|  Phase                        |  #Cells created  |  #Cells Removed  |  #Constrained objects preventing optimizations  |
-------------------------------------------------------------------------------------------------------------------------
|  Retarget                     |             314  |             508  |                                            138  |
|  Constant propagation         |              70  |             432  |                                            347  |
|  Sweep                        |               0  |            1800  |                                           1173  |
|  BUFG optimization            |               0  |               0  |                                              0  |
|  Shift Register Optimization  |               0  |               0  |                                              0  |
|  Post Processing Netlist      |               0  |               0  |                                             57  |
-------------------------------------------------------------------------------------------------------------------------



Starting Connectivity Check Task

Time (s): cpu = 00:00:00 ; elapsed = 00:00:00.014 . Memory (MB): peak = 1656.012 ; gain = 0.000
Ending Logic Optimization Task | Checksum: 1ca8bbff2

Time (s): cpu = 00:00:02 ; elapsed = 00:00:09 . Memory (MB): peak = 1656.012 ; gain = 33.395

Starting Power Optimization Task
INFO: [Pwropt 34-132] Skipping clock gating for clocks with a period < 2.00 ns.
INFO: [Pwropt 34-9] Applying IDT optimizations ...
INFO: [Pwropt 34-10] Applying ODC optimizations ...
INFO: [Timing 38-35] Done setting XDC timing constraints.
Running Vector-less Activity Propagation...

Finished Running Vector-less Activity Propagation


Starting PowerOpt Patch Enables Task
INFO: [Pwropt 34-162] WRITE_MODE attribute of 0 BRAM(s) out of a total of 6 has been updated to save power. Run report_power_opt to get a complete listing of the BRAMs updated.
INFO: [Pwropt 34-201] Structural ODC has moved 0 WE to EN ports
Number of BRAM Ports augmented: 5 newly gated: 0 Total Ports: 12
Ending PowerOpt Patch Enables Task | Checksum: 16d5ba495

Time (s): cpu = 00:00:00 ; elapsed = 00:00:00.037 . Memory (MB): peak = 1822.348 ; gain = 0.000
Ending Power Optimization Task | Checksum: 16d5ba495

Time (s): cpu = 00:00:03 ; elapsed = 00:00:01 . Memory (MB): peak = 1822.348 ; gain = 166.336

Starting Final Cleanup Task
Ending Final Cleanup Task | Checksum: 16d5ba495

Time (s): cpu = 00:00:00 ; elapsed = 00:00:00 . Memory (MB): peak = 1822.348 ; gain = 0.000

Starting Netlist Obfuscation Task
Netlist sorting complete. Time (s): cpu = 00:00:00 ; elapsed = 00:00:00.003 . Memory (MB): peak = 1822.348 ; gain = 0.000
Ending Netlist Obfuscation Task | Checksum: 1d200e93f

Time (s): cpu = 00:00:00 ; elapsed = 00:00:00.003 . Memory (MB): peak = 1822.348 ; gain = 0.000
INFO: [Common 17-83] Releasing license: Implementation
58 Infos, 30 Warnings, 0 Critical Warnings and 0 Errors encountered.
opt_design completed successfully
opt_design: Time (s): cpu = 00:00:07 ; elapsed = 00:00:12 . Memory (MB): peak = 1822.348 ; gain = 369.887
INFO: [Common 17-600] The following parameters have non-default value.
tcl.collectionResultDisplayLimit
INFO: [Timing 38-35] Done setting XDC timing constraints.
INFO: [Timing 38-480] Writing timing data to binary archive.
Writing placer database...
Writing XDEF routing.
Writing XDEF routing logical nets.
Writing XDEF routing special nets.
Write XDEF Complete: Time (s): cpu = 00:00:00 ; elapsed = 00:00:00.028 . Memory (MB): peak = 1822.348 ; gain = 0.000
INFO: [Common 17-1381] The checkpoint 'C:/Users/buenting/cpre4880/labs/mp-0/lab1/lab1.runs/impl_1/design_1_wrapper_opt.dcp' has been generated.
INFO: [runtcl-4] Executing : report_drc -file design_1_wrapper_drc_opted.rpt -pb design_1_wrapper_drc_opted.pb -rpx design_1_wrapper_drc_opted.rpx
Command: report_drc -file design_1_wrapper_drc_opted.rpt -pb design_1_wrapper_drc_opted.pb -rpx design_1_wrapper_drc_opted.rpx
INFO: [IP_Flow 19-1839] IP Catalog is up to date.
INFO: [DRC 23-27] Running DRC with 2 threads
INFO: [Coretcl 2-168] The results of DRC are in file C:/Users/buenting/cpre4880/labs/mp-0/lab1/lab1.runs/impl_1/design_1_wrapper_drc_opted.rpt.
report_drc completed successfully
INFO: [Chipscope 16-240] Debug cores have already been implemented
Command: place_design
Attempting to get a license for feature 'Implementation' and/or device 'xc7z020'
INFO: [Common 17-349] Got license for feature 'Implementation' and/or device 'xc7z020'
INFO: [DRC 23-27] Running DRC with 2 threads
INFO: [Vivado_Tcl 4-198] DRC finished with 0 Errors
INFO: [Vivado_Tcl 4-199] Please refer to the DRC report (report_drc) for more information.
Running DRC as a precondition to command place_design
INFO: [DRC 23-27] Running DRC with 2 threads
INFO: [Vivado_Tcl 4-198] DRC finished with 0 Errors
INFO: [Vivado_Tcl 4-199] Please refer to the DRC report (report_drc) for more information.

Starting Placer Task
INFO: [Place 30-611] Multithreading enabled for place_design using a maximum of 2 CPUs

Phase 1 Placer Initialization

Phase 1.1 Placer Initialization Netlist Sorting
Netlist sorting complete. Time (s): cpu = 00:00:00 ; elapsed = 00:00:00.003 . Memory (MB): peak = 1822.348 ; gain = 0.000
Phase 1.1 Placer Initialization Netlist Sorting | Checksum: f169090d

Time (s): cpu = 00:00:00 ; elapsed = 00:00:00.009 . Memory (MB): peak = 1822.348 ; gain = 0.000
Netlist sorting complete. Time (s): cpu = 00:00:00 ; elapsed = 00:00:00.003 . Memory (MB): peak = 1822.348 ; gain = 0.000

Phase 1.2 IO Placement/ Clock Placement/ Build Placer Device
Phase 1.2 IO Placement/ Clock Placement/ Build Placer Device | Checksum: 113d64577

Time (s): cpu = 00:00:00 ; elapsed = 00:00:00.605 . Memory (MB): peak = 1822.348 ; gain = 0.000

Phase 1.3 Build Placer Netlist Model
Phase 1.3 Build Placer Netlist Model | Checksum: e506bff7

Time (s): cpu = 00:00:02 ; elapsed = 00:00:02 . Memory (MB): peak = 1822.348 ; gain = 0.000

Phase 1.4 Constrain Clocks/Macros
Phase 1.4 Constrain Clocks/Macros | Checksum: e506bff7

Time (s): cpu = 00:00:02 ; elapsed = 00:00:02 . Memory (MB): peak = 1822.348 ; gain = 0.000
Phase 1 Placer Initialization | Checksum: e506bff7

Time (s): cpu = 00:00:02 ; elapsed = 00:00:02 . Memory (MB): peak = 1822.348 ; gain = 0.000

Phase 2 Global Placement

Phase 2.1 Floorplanning
Phase 2.1 Floorplanning | Checksum: 167a154ed

Time (s): cpu = 00:00:02 ; elapsed = 00:00:02 . Memory (MB): peak = 1822.348 ; gain = 0.000

Phase 2.2 Global Placement Core

Phase 2.2.1 Physical Synthesis In Placer
INFO: [Physopt 32-1035] Found 0 LUTNM shape to break, 367 LUT instances to create LUTNM shape
INFO: [Physopt 32-1044] Break lutnm for timing: one critical 0, two critical 0, total 0, new lutff created 0
INFO: [Physopt 32-775] End 1 Pass. Optimized 151 nets or cells. Created 0 new cell, deleted 151 existing cells and moved 0 existing cell
INFO: [Physopt 32-65] No nets found for high-fanout optimization.
INFO: [Physopt 32-232] Optimized 0 net. Created 0 new instance.
INFO: [Physopt 32-775] End 1 Pass. Optimized 0 net or cell. Created 0 new cell, deleted 0 existing cell and moved 0 existing cell
INFO: [Physopt 32-670] No setup violation found.  DSP Register Optimization was not performed.
INFO: [Physopt 32-670] No setup violation found.  Shift Register to Pipeline Optimization was not performed.
INFO: [Physopt 32-670] No setup violation found.  Shift Register Optimization was not performed.
INFO: [Physopt 32-670] No setup violation found.  BRAM Register Optimization was not performed.
INFO: [Physopt 32-670] No setup violation found.  URAM Register Optimization was not performed.
INFO: [Physopt 32-949] No candidate nets found for HD net replication
INFO: [Physopt 32-775] End 1 Pass. Optimized 0 net or cell. Created 0 new cell, deleted 0 existing cell and moved 0 existing cell
Netlist sorting complete. Time (s): cpu = 00:00:00 ; elapsed = 00:00:00.002 . Memory (MB): peak = 1822.348 ; gain = 0.000

Summary of Physical Synthesis Optimizations
============================================


-----------------------------------------------------------------------------------------------------------------------------------------------------------
|  Optimization                                     |  Added Cells  |  Removed Cells  |  Optimized Cells/Nets  |  Dont Touch  |  Iterations  |  Elapsed   |
-----------------------------------------------------------------------------------------------------------------------------------------------------------
|  LUT Combining                                    |            0  |            151  |                   151  |           0  |           1  |  00:00:00  |
|  Very High Fanout                                 |            0  |              0  |                     0  |           0  |           1  |  00:00:00  |
|  DSP Register                                     |            0  |              0  |                     0  |           0  |           0  |  00:00:00  |
|  Shift Register to Pipeline                       |            0  |              0  |                     0  |           0  |           0  |  00:00:00  |
|  Shift Register                                   |            0  |              0  |                     0  |           0  |           0  |  00:00:00  |
|  BRAM Register                                    |            0  |              0  |                     0  |           0  |           0  |  00:00:00  |
|  URAM Register                                    |            0  |              0  |                     0  |           0  |           0  |  00:00:00  |
|  Dynamic/Static Region Interface Net Replication  |            0  |              0  |                     0  |           0  |           1  |  00:00:00  |
|  Total                                            |            0  |            151  |                   151  |           0  |           3  |  00:00:00  |
-----------------------------------------------------------------------------------------------------------------------------------------------------------


Phase 2.2.1 Physical Synthesis In Placer | Checksum: 1dfac90fc

Time (s): cpu = 00:00:07 ; elapsed = 00:00:05 . Memory (MB): peak = 1822.348 ; gain = 0.000
Phase 2.2 Global Placement Core | Checksum: 1e5f6c71c

Time (s): cpu = 00:00:08 ; elapsed = 00:00:05 . Memory (MB): peak = 1822.348 ; gain = 0.000
Phase 2 Global Placement | Checksum: 1e5f6c71c

Time (s): cpu = 00:00:08 ; elapsed = 00:00:05 . Memory (MB): peak = 1822.348 ; gain = 0.000

Phase 3 Detail Placement

Phase 3.1 Commit Multi Column Macros
Phase 3.1 Commit Multi Column Macros | Checksum: 198c55278

Time (s): cpu = 00:00:08 ; elapsed = 00:00:05 . Memory (MB): peak = 1822.348 ; gain = 0.000

Phase 3.2 Commit Most Macros & LUTRAMs
Phase 3.2 Commit Most Macros & LUTRAMs | Checksum: 19556a68c

Time (s): cpu = 00:00:09 ; elapsed = 00:00:06 . Memory (MB): peak = 1822.348 ; gain = 0.000

Phase 3.3 Area Swap Optimization
Phase 3.3 Area Swap Optimization | Checksum: 1f3645e8a

Time (s): cpu = 00:00:09 ; elapsed = 00:00:06 . Memory (MB): peak = 1822.348 ; gain = 0.000

Phase 3.4 Pipeline Register Optimization
Phase 3.4 Pipeline Register Optimization | Checksum: 1609ee182

Time (s): cpu = 00:00:09 ; elapsed = 00:00:06 . Memory (MB): peak = 1822.348 ; gain = 0.000

Phase 3.5 Small Shape Detail Placement
Phase 3.5 Small Shape Detail Placement | Checksum: 25de24c42

Time (s): cpu = 00:00:10 ; elapsed = 00:00:07 . Memory (MB): peak = 1822.348 ; gain = 0.000

Phase 3.6 Re-assign LUT pins
Phase 3.6 Re-assign LUT pins | Checksum: 1c721fb34

Time (s): cpu = 00:00:11 ; elapsed = 00:00:08 . Memory (MB): peak = 1822.348 ; gain = 0.000

Phase 3.7 Pipeline Register Optimization
Phase 3.7 Pipeline Register Optimization | Checksum: 15b4e1742

Time (s): cpu = 00:00:11 ; elapsed = 00:00:08 . Memory (MB): peak = 1822.348 ; gain = 0.000
Phase 3 Detail Placement | Checksum: 15b4e1742

Time (s): cpu = 00:00:11 ; elapsed = 00:00:08 . Memory (MB): peak = 1822.348 ; gain = 0.000

Phase 4 Post Placement Optimization and Clean-Up

Phase 4.1 Post Commit Optimization
INFO: [Timing 38-35] Done setting XDC timing constraints.

Phase 4.1.1 Post Placement Optimization
Post Placement Optimization Initialization | Checksum: 149695aeb

Phase 4.1.1.1 BUFG Insertion

Starting Physical Synthesis Task

Phase 1 Physical Synthesis Initialization
INFO: [Physopt 32-721] Multithreading enabled for phys_opt_design using a maximum of 2 CPUs
INFO: [Physopt 32-619] Estimated Timing Summary | WNS=2.891 | TNS=0.000 |
Phase 1 Physical Synthesis Initialization | Checksum: 1f4ceccc7

Time (s): cpu = 00:00:01 ; elapsed = 00:00:00.274 . Memory (MB): peak = 1822.348 ; gain = 0.000
INFO: [Place 46-33] Processed net design_1_i/v_tc_0/U0/U_VIDEO_CTRL/GEN_HAS_IRQ.irq_i_1_n_0, BUFG insertion was skipped due to placement/routing conflicts.
INFO: [Place 46-56] BUFG insertion identified 1 candidate nets. Inserted BUFG: 0, Replicated BUFG Driver: 0, Skipped due to Placement/Routing Conflicts: 1, Skipped due to Timing Degradation: 0, Skipped due to Illegal Netlist: 0.
Ending Physical Synthesis Task | Checksum: 212df5c8c

Time (s): cpu = 00:00:01 ; elapsed = 00:00:00.328 . Memory (MB): peak = 1822.348 ; gain = 0.000
Phase 4.1.1.1 BUFG Insertion | Checksum: 149695aeb

Time (s): cpu = 00:00:13 ; elapsed = 00:00:09 . Memory (MB): peak = 1822.348 ; gain = 0.000
INFO: [Place 30-746] Post Placement Timing Summary WNS=2.891. For the most accurate timing information please run report_timing.
Phase 4.1.1 Post Placement Optimization | Checksum: 1c4b66466

Time (s): cpu = 00:00:13 ; elapsed = 00:00:09 . Memory (MB): peak = 1822.348 ; gain = 0.000
Phase 4.1 Post Commit Optimization | Checksum: 1c4b66466

Time (s): cpu = 00:00:13 ; elapsed = 00:00:09 . Memory (MB): peak = 1822.348 ; gain = 0.000

Phase 4.2 Post Placement Cleanup
Phase 4.2 Post Placement Cleanup | Checksum: 1c4b66466

Time (s): cpu = 00:00:13 ; elapsed = 00:00:09 . Memory (MB): peak = 1822.348 ; gain = 0.000

Phase 4.3 Placer Reporting
Phase 4.3 Placer Reporting | Checksum: 1c4b66466

Time (s): cpu = 00:00:13 ; elapsed = 00:00:09 . Memory (MB): peak = 1822.348 ; gain = 0.000

Phase 4.4 Final Placement Cleanup
Netlist sorting complete. Time (s): cpu = 00:00:00 ; elapsed = 00:00:00.006 . Memory (MB): peak = 1822.348 ; gain = 0.000
Phase 4.4 Final Placement Cleanup | Checksum: d7c7a3a6

Time (s): cpu = 00:00:13 ; elapsed = 00:00:09 . Memory (MB): peak = 1822.348 ; gain = 0.000
Phase 4 Post Placement Optimization and Clean-Up | Checksum: d7c7a3a6

Time (s): cpu = 00:00:13 ; elapsed = 00:00:09 . Memory (MB): peak = 1822.348 ; gain = 0.000
Ending Placer Task | Checksum: 4558bb9a

Time (s): cpu = 00:00:13 ; elapsed = 00:00:09 . Memory (MB): peak = 1822.348 ; gain = 0.000
INFO: [Common 17-83] Releasing license: Implementation
95 Infos, 30 Warnings, 0 Critical Warnings and 0 Errors encountered.
place_design completed successfully
place_design: Time (s): cpu = 00:00:14 ; elapsed = 00:00:10 . Memory (MB): peak = 1822.348 ; gain = 0.000
INFO: [Timing 38-480] Writing timing data to binary archive.
Writing placer database...
Writing XDEF routing.
Writing XDEF routing logical nets.
Writing XDEF routing special nets.
Write XDEF Complete: Time (s): cpu = 00:00:02 ; elapsed = 00:00:00.402 . Memory (MB): peak = 1822.348 ; gain = 0.000
INFO: [Common 17-1381] The checkpoint 'C:/Users/buenting/cpre4880/labs/mp-0/lab1/lab1.runs/impl_1/design_1_wrapper_placed.dcp' has been generated.
INFO: [runtcl-4] Executing : report_io -file design_1_wrapper_io_placed.rpt
report_io: Time (s): cpu = 00:00:00 ; elapsed = 00:00:00.030 . Memory (MB): peak = 1822.348 ; gain = 0.000
INFO: [runtcl-4] Executing : report_utilization -file design_1_wrapper_utilization_placed.rpt -pb design_1_wrapper_utilization_placed.pb
INFO: [runtcl-4] Executing : report_control_sets -verbose -file design_1_wrapper_control_sets_placed.rpt
report_control_sets: Time (s): cpu = 00:00:00 ; elapsed = 00:00:00.021 . Memory (MB): peak = 1822.348 ; gain = 0.000
Command: phys_opt_design
Attempting to get a license for feature 'Implementation' and/or device 'xc7z020'
INFO: [Common 17-349] Got license for feature 'Implementation' and/or device 'xc7z020'
INFO: [Vivado_Tcl 4-383] Design worst setup slack (WNS) is greater than or equal to 0.000 ns. Skipping all physical synthesis optimizations.
INFO: [Vivado_Tcl 4-232] No setup violation found. The netlist was not modified.
INFO: [Common 17-83] Releasing license: Implementation
104 Infos, 30 Warnings, 0 Critical Warnings and 0 Errors encountered.
phys_opt_design completed successfully
INFO: [Timing 38-480] Writing timing data to binary archive.
Writing placer database...
Writing XDEF routing.
Writing XDEF routing logical nets.
Writing XDEF routing special nets.
Write XDEF Complete: Time (s): cpu = 00:00:02 ; elapsed = 00:00:00.397 . Memory (MB): peak = 1822.348 ; gain = 0.000
INFO: [Common 17-1381] The checkpoint 'C:/Users/buenting/cpre4880/labs/mp-0/lab1/lab1.runs/impl_1/design_1_wrapper_physopt.dcp' has been generated.
Command: route_design
Attempting to get a license for feature 'Implementation' and/or device 'xc7z020'
INFO: [Common 17-349] Got license for feature 'Implementation' and/or device 'xc7z020'
Running DRC as a precondition to command route_design
INFO: [DRC 23-27] Running DRC with 2 threads
INFO: [Vivado_Tcl 4-198] DRC finished with 0 Errors
INFO: [Vivado_Tcl 4-199] Please refer to the DRC report (report_drc) for more information.


Starting Routing Task
INFO: [Route 35-254] Multithreading enabled for route_design using a maximum of 2 CPUs
Checksum: PlaceDB: 35326e56 ConstDB: 0 ShapeSum: 10264d44 RouteDB: 0

Phase 1 Build RT Design
Phase 1 Build RT Design | Checksum: deeb4151

Time (s): cpu = 00:00:13 ; elapsed = 00:00:08 . Memory (MB): peak = 1929.504 ; gain = 107.156
Post Restoration Checksum: NetGraph: 8dd2221f NumContArr: 51191f32 Constraints: 0 Timing: 0

Phase 2 Router Initialization

Phase 2.1 Create Timer
Phase 2.1 Create Timer | Checksum: deeb4151

Time (s): cpu = 00:00:13 ; elapsed = 00:00:08 . Memory (MB): peak = 1929.504 ; gain = 107.156

Phase 2.2 Fix Topology Constraints
Phase 2.2 Fix Topology Constraints | Checksum: deeb4151

Time (s): cpu = 00:00:13 ; elapsed = 00:00:08 . Memory (MB): peak = 1935.504 ; gain = 113.156

Phase 2.3 Pre Route Cleanup
Phase 2.3 Pre Route Cleanup | Checksum: deeb4151

Time (s): cpu = 00:00:13 ; elapsed = 00:00:08 . Memory (MB): peak = 1935.504 ; gain = 113.156
 Number of Nodes with overlaps = 0

Phase 2.4 Update Timing
Phase 2.4 Update Timing | Checksum: 136b87e44

Time (s): cpu = 00:00:16 ; elapsed = 00:00:10 . Memory (MB): peak = 1954.672 ; gain = 132.324
INFO: [Route 35-416] Intermediate Timing Summary | WNS=3.028  | TNS=0.000  | WHS=-0.329 | THS=-217.475|


Phase 2.5 Update Timing for Bus Skew

Phase 2.5.1 Update Timing
Phase 2.5.1 Update Timing | Checksum: a33df714

Time (s): cpu = 00:00:17 ; elapsed = 00:00:11 . Memory (MB): peak = 1964.402 ; gain = 142.055
INFO: [Route 35-416] Intermediate Timing Summary | WNS=3.028  | TNS=0.000  | WHS=N/A    | THS=N/A    |

Phase 2.5 Update Timing for Bus Skew | Checksum: 13e0a3439

Time (s): cpu = 00:00:17 ; elapsed = 00:00:11 . Memory (MB): peak = 1976.844 ; gain = 154.496
Phase 2 Router Initialization | Checksum: 83c81f9c

Time (s): cpu = 00:00:17 ; elapsed = 00:00:11 . Memory (MB): peak = 1976.844 ; gain = 154.496

Router Utilization Summary
  Global Vertical Routing Utilization    = 0 %
  Global Horizontal Routing Utilization  = 0 %
  Routable Net Status*
  *Does not include unroutable nets such as driverless and loadless.
  Run report_route_status for detailed report.
  Number of Failed Nets               = 11541
    (Failed Nets is the sum of unrouted and partially routed nets)
  Number of Unrouted Nets             = 11541
  Number of Partially Routed Nets     = 0
  Number of Node Overlaps             = 0


Phase 3 Initial Routing
Phase 3 Initial Routing | Checksum: cad9f428

Time (s): cpu = 00:00:18 ; elapsed = 00:00:12 . Memory (MB): peak = 1976.844 ; gain = 154.496

Phase 4 Rip-up And Reroute

Phase 4.1 Global Iteration 0
 Number of Nodes with overlaps = 930
 Number of Nodes with overlaps = 56
 Number of Nodes with overlaps = 1
 Number of Nodes with overlaps = 0
INFO: [Route 35-416] Intermediate Timing Summary | WNS=3.233  | TNS=0.000  | WHS=N/A    | THS=N/A    |

Phase 4.1 Global Iteration 0 | Checksum: 259b2b5bd

Time (s): cpu = 00:00:21 ; elapsed = 00:00:13 . Memory (MB): peak = 1976.844 ; gain = 154.496

Phase 4.2 Global Iteration 1
 Number of Nodes with overlaps = 1
 Number of Nodes with overlaps = 0
INFO: [Route 35-416] Intermediate Timing Summary | WNS=3.233  | TNS=0.000  | WHS=N/A    | THS=N/A    |

Phase 4.2 Global Iteration 1 | Checksum: bcc607d5

Time (s): cpu = 00:00:21 ; elapsed = 00:00:13 . Memory (MB): peak = 1976.844 ; gain = 154.496
Phase 4 Rip-up And Reroute | Checksum: bcc607d5

Time (s): cpu = 00:00:21 ; elapsed = 00:00:13 . Memory (MB): peak = 1976.844 ; gain = 154.496

Phase 5 Delay and Skew Optimization

Phase 5.1 Delay CleanUp
Phase 5.1 Delay CleanUp | Checksum: bcc607d5

Time (s): cpu = 00:00:21 ; elapsed = 00:00:13 . Memory (MB): peak = 1976.844 ; gain = 154.496

Phase 5.2 Clock Skew Optimization
Phase 5.2 Clock Skew Optimization | Checksum: bcc607d5

Time (s): cpu = 00:00:21 ; elapsed = 00:00:13 . Memory (MB): peak = 1976.844 ; gain = 154.496
Phase 5 Delay and Skew Optimization | Checksum: bcc607d5

Time (s): cpu = 00:00:21 ; elapsed = 00:00:13 . Memory (MB): peak = 1976.844 ; gain = 154.496

Phase 6 Post Hold Fix

Phase 6.1 Hold Fix Iter

Phase 6.1.1 Update Timing
Phase 6.1.1 Update Timing | Checksum: 1abe33136

Time (s): cpu = 00:00:22 ; elapsed = 00:00:14 . Memory (MB): peak = 1976.844 ; gain = 154.496
INFO: [Route 35-416] Intermediate Timing Summary | WNS=3.247  | TNS=0.000  | WHS=0.021  | THS=0.000  |

Phase 6.1 Hold Fix Iter | Checksum: f0f310c1

Time (s): cpu = 00:00:22 ; elapsed = 00:00:14 . Memory (MB): peak = 1976.844 ; gain = 154.496
Phase 6 Post Hold Fix | Checksum: f0f310c1

Time (s): cpu = 00:00:22 ; elapsed = 00:00:14 . Memory (MB): peak = 1976.844 ; gain = 154.496

Phase 7 Route finalize

Router Utilization Summary
  Global Vertical Routing Utilization    = 1.89329 %
  Global Horizontal Routing Utilization  = 2.33325 %
  Routable Net Status*
  *Does not include unroutable nets such as driverless and loadless.
  Run report_route_status for detailed report.
  Number of Failed Nets               = 0
    (Failed Nets is the sum of unrouted and partially routed nets)
  Number of Unrouted Nets             = 0
  Number of Partially Routed Nets     = 0
  Number of Node Overlaps             = 0

Phase 7 Route finalize | Checksum: f0f310c1

Time (s): cpu = 00:00:22 ; elapsed = 00:00:14 . Memory (MB): peak = 1976.844 ; gain = 154.496

Phase 8 Verifying routed nets

 Verification completed successfully
Phase 8 Verifying routed nets | Checksum: f0f310c1

Time (s): cpu = 00:00:22 ; elapsed = 00:00:14 . Memory (MB): peak = 1976.844 ; gain = 154.496

Phase 9 Depositing Routes
Phase 9 Depositing Routes | Checksum: 101d04a33

Time (s): cpu = 00:00:22 ; elapsed = 00:00:14 . Memory (MB): peak = 1976.844 ; gain = 154.496

Phase 10 Post Router Timing
INFO: [Route 35-57] Estimated Timing Summary | WNS=3.247  | TNS=0.000  | WHS=0.021  | THS=0.000  |

INFO: [Route 35-327] The final timing numbers are based on the router estimated timing analysis. For a complete and accurate timing signoff, please run report_timing_summary.
Phase 10 Post Router Timing | Checksum: 101d04a33

Time (s): cpu = 00:00:22 ; elapsed = 00:00:14 . Memory (MB): peak = 1976.844 ; gain = 154.496
INFO: [Route 35-16] Router Completed Successfully

Time (s): cpu = 00:00:22 ; elapsed = 00:00:14 . Memory (MB): peak = 1976.844 ; gain = 154.496

Routing Is Done.
INFO: [Common 17-83] Releasing license: Implementation
120 Infos, 30 Warnings, 0 Critical Warnings and 0 Errors encountered.
route_design completed successfully
route_design: Time (s): cpu = 00:00:23 ; elapsed = 00:00:15 . Memory (MB): peak = 1976.844 ; gain = 154.496
INFO: [Timing 38-480] Writing timing data to binary archive.
Writing placer database...
Writing XDEF routing.
Writing XDEF routing logical nets.
Writing XDEF routing special nets.
Write XDEF Complete: Time (s): cpu = 00:00:02 ; elapsed = 00:00:00.504 . Memory (MB): peak = 1983.301 ; gain = 6.457
INFO: [Common 17-1381] The checkpoint 'C:/Users/buenting/cpre4880/labs/mp-0/lab1/lab1.runs/impl_1/design_1_wrapper_routed.dcp' has been generated.
INFO: [runtcl-4] Executing : report_drc -file design_1_wrapper_drc_routed.rpt -pb design_1_wrapper_drc_routed.pb -rpx design_1_wrapper_drc_routed.rpx
Command: report_drc -file design_1_wrapper_drc_routed.rpt -pb design_1_wrapper_drc_routed.pb -rpx design_1_wrapper_drc_routed.rpx
INFO: [IP_Flow 19-1839] IP Catalog is up to date.
INFO: [DRC 23-27] Running DRC with 2 threads
INFO: [Coretcl 2-168] The results of DRC are in file C:/Users/buenting/cpre4880/labs/mp-0/lab1/lab1.runs/impl_1/design_1_wrapper_drc_routed.rpt.
report_drc completed successfully
INFO: [runtcl-4] Executing : report_methodology -file design_1_wrapper_methodology_drc_routed.rpt -pb design_1_wrapper_methodology_drc_routed.pb -rpx design_1_wrapper_methodology_drc_routed.rpx
Command: report_methodology -file design_1_wrapper_methodology_drc_routed.rpt -pb design_1_wrapper_methodology_drc_routed.pb -rpx design_1_wrapper_methodology_drc_routed.rpx
INFO: [Timing 38-35] Done setting XDC timing constraints.
INFO: [DRC 23-133] Running Methodology with 2 threads
INFO: [Coretcl 2-1520] The results of Report Methodology are in file C:/Users/buenting/cpre4880/labs/mp-0/lab1/lab1.runs/impl_1/design_1_wrapper_methodology_drc_routed.rpt.
report_methodology completed successfully
INFO: [runtcl-4] Executing : report_power -file design_1_wrapper_power_routed.rpt -pb design_1_wrapper_power_summary_routed.pb -rpx design_1_wrapper_power_routed.rpx
Command: report_power -file design_1_wrapper_power_routed.rpt -pb design_1_wrapper_power_summary_routed.pb -rpx design_1_wrapper_power_routed.rpx
INFO: [Timing 38-35] Done setting XDC timing constraints.
Running Vector-less Activity Propagation...

Finished Running Vector-less Activity Propagation
WARNING: [Power 33-332] Found switching activity that implies high-fanout reset nets being asserted for excessive periods of time which may result in inaccurate power analysis.
Resolution: To review and fix problems, please run Power Constraints Advisor in the GUI from Tools > Power Constraints Advisor or run report_power with the -advisory option to generate a text report.
132 Infos, 31 Warnings, 0 Critical Warnings and 0 Errors encountered.
report_power completed successfully
INFO: [runtcl-4] Executing : report_route_status -file design_1_wrapper_route_status.rpt -pb design_1_wrapper_route_status.pb
INFO: [runtcl-4] Executing : report_timing_summary -max_paths 10 -file design_1_wrapper_timing_summary_routed.rpt -pb design_1_wrapper_timing_summary_routed.pb -rpx design_1_wrapper_timing_summary_routed.rpx -warn_on_violation 
INFO: [Timing 38-91] UpdateTimingParams: Speed grade: -1, Delay Type: min_max.
INFO: [Timing 38-191] Multithreading enabled for timing update using a maximum of 2 CPUs
WARNING: [Timing 38-436] There are set_bus_skew constraint(s) in this design. Please run report_bus_skew to ensure that bus skew requirements are met.
INFO: [runtcl-4] Executing : report_incremental_reuse -file design_1_wrapper_incremental_reuse_routed.rpt
INFO: [Vivado_Tcl 4-1062] Incremental flow is disabled. No incremental reuse Info to report.
INFO: [runtcl-4] Executing : report_clock_utilization -file design_1_wrapper_clock_utilization_routed.rpt
INFO: [runtcl-4] Executing : report_bus_skew -warn_on_violation -file design_1_wrapper_bus_skew_routed.rpt -pb design_1_wrapper_bus_skew_routed.pb -rpx design_1_wrapper_bus_skew_routed.rpx
INFO: [Timing 38-91] UpdateTimingParams: Speed grade: -1, Delay Type: min_max.
INFO: [Timing 38-191] Multithreading enabled for timing update using a maximum of 2 CPUs
INFO: [Memdata 28-208] The XPM instance: <design_1_i/v_axi4s_vid_out_0/inst/COUPLER_INST/generate_sync_fifo.FIFO_INST/XPM_FIFO_SYNC_INST/xpm_fifo_base_inst/gen_sdpram.xpm_memory_base_inst> is part of IP: <design_1_i/v_axi4s_vid_out_0>. This XPM instance will be excluded from the .mmi because updatemem is prohibited from making changes to an XPM that is part of an IP.
INFO: [Memdata 28-208] The XPM instance: <design_1_i/axi_vdma_0/U0/I_PRMRY_DATAMOVER/GEN_MM2S_FULL.I_MM2S_FULL_WRAPPER/GEN_INCLUDE_MM2S_SF.I_RD_SF/I_DATA_FIFO/BLK_MEM.I_SYNC_FIFOGEN_FIFO/xpm_fifo_instance.xpm_fifo_sync_inst/xpm_fifo_base_inst/gen_sdpram.xpm_memory_base_inst> is part of IP: <design_1_i/axi_vdma_0>. This XPM instance will be excluded from the .mmi because updatemem is prohibited from making changes to an XPM that is part of an IP.
Command: write_bitstream -force design_1_wrapper.bit
Attempting to get a license for feature 'Implementation' and/or device 'xc7z020'
INFO: [Common 17-349] Got license for feature 'Implementation' and/or device 'xc7z020'
Running DRC as a precondition to command write_bitstream
INFO: [IP_Flow 19-1839] IP Catalog is up to date.
INFO: [DRC 23-27] Running DRC with 2 threads
WARNING: [DRC RTSTAT-10] No routable loads: 25 net(s) have no routable loads. The problem bus(es) and/or net(s) are dbg_hub/inst/BSCANID.u_xsdbm_id/CORE_XSDB.UUT_MASTER/U_ICON_INTERFACE/U_CMD6_RD/U_RD_FIFO/SUBCORE_FIFO.xsdbm_v3_0_0_rdfifo_inst/inst_fifo_gen/gconvfifo.rf/grf.rf/gntv_or_sync_fifo.gl0.rd/gr1.gr1_int.rfwft/aempty_fwft_i, dbg_hub/inst/BSCANID.u_xsdbm_id/CORE_XSDB.UUT_MASTER/U_ICON_INTERFACE/U_CMD7_CTL/ctl_reg[2:0], dbg_hub/inst/BSCANID.u_xsdbm_id/CORE_XSDB.UUT_MASTER/U_ICON_INTERFACE/U_CMD1/ctl_reg_en_2[1], dbg_hub/inst/BSCANID.u_xsdbm_id/CORE_XSDB.UUT_MASTER/U_ICON_INTERFACE/U_CMD7_CTL/ctl_reg_en_2[1], dbg_hub/inst/BSCANID.u_xsdbm_id/SWITCH_N_EXT_BSCAN.bscan_switch/m_bscan_capture[0], dbg_hub/inst/BSCANID.u_xsdbm_id/SWITCH_N_EXT_BSCAN.bscan_switch/m_bscan_drck[0], dbg_hub/inst/BSCANID.u_xsdbm_id/SWITCH_N_EXT_BSCAN.bscan_switch/m_bscan_runtest[0], dbg_hub/inst/BSCANID.u_xsdbm_id/CORE_XSDB.UUT_MASTER/U_ICON_INTERFACE/U_CMD6_RD/U_RD_FIFO/SUBCORE_FIFO.xsdbm_v3_0_0_rdfifo_inst/inst_fifo_gen/gconvfifo.rf/grf.rf/gntv_or_sync_fifo.gl0.wr/gwhf.whf/overflow, dbg_hub/inst/BSCANID.u_xsdbm_id/CORE_XSDB.UUT_MASTER/U_ICON_INTERFACE/U_CMD6_WR/U_WR_FIFO/SUBCORE_FIFO.xsdbm_v3_0_0_wrfifo_inst/inst_fifo_gen/gconvfifo.rf/grf.rf/gntv_or_sync_fifo.gl0.wr/gwhf.whf/overflow, dbg_hub/inst/BSCANID.u_xsdbm_id/CORE_XSDB.UUT_MASTER/U_ICON_INTERFACE/U_CMD6_RD/U_RD_FIFO/SUBCORE_FIFO.xsdbm_v3_0_0_rdfifo_inst/inst_fifo_gen/gconvfifo.rf/grf.rf/gntv_or_sync_fifo.gl0.rd/gras.rsts/ram_empty_i, dbg_hub/inst/BSCANID.u_xsdbm_id/CORE_XSDB.UUT_MASTER/U_ICON_INTERFACE/U_CMD6_WR/U_WR_FIFO/SUBCORE_FIFO.xsdbm_v3_0_0_wrfifo_inst/inst_fifo_gen/gconvfifo.rf/grf.rf/gntv_or_sync_fifo.gl0.wr/gwas.wsts/ram_full_i, dbg_hub/inst/BSCANID.u_xsdbm_id/CORE_XSDB.UUT_MASTER/U_ICON_INTERFACE/U_CMD6_WR/U_WR_FIFO/SUBCORE_FIFO.xsdbm_v3_0_0_wrfifo_inst/inst_fifo_gen/gconvfifo.rf/grf.rf/rstblk/rd_rst_reg[0], dbg_hub/inst/BSCANID.u_xsdbm_id/SWITCH_N_EXT_BSCAN.bscan_inst/s_bscan_tms, design_1_i/system_ila_0/U0/ila_lib/U0/ila_core_inst/u_ila_regs/U_XSDB_SLAVE/s_daddr_o[13], design_1_i/system_ila_0/U0/ila_lib/U0/ila_core_inst/u_ila_regs/U_XSDB_SLAVE/s_daddr_o[14]... and (the first 15 of 23 listed).
INFO: [DRC REQP-165] writefirst: Synchronous clocking is detected for BRAM (design_1_i/axi_vdma_0/U0/I_PRMRY_DATAMOVER/GEN_MM2S_FULL.I_MM2S_FULL_WRAPPER/GEN_INCLUDE_MM2S_SF.I_RD_SF/I_DATA_FIFO/BLK_MEM.I_SYNC_FIFOGEN_FIFO/xpm_fifo_instance.xpm_fifo_sync_inst/xpm_fifo_base_inst/gen_sdpram.xpm_memory_base_inst/gen_wr_a.gen_word_narrow.mem_reg) in SDP mode with WRITE_FIRST write-mode. This is the preferred mode for best power characteristics, however it may exhibit address collisions if the same address appears on both read and write ports resulting in unknown or corrupted read data. It is suggested to confirm via simulation that an address collision never occurs and if so it is suggested to try and avoid this situation. If address collisions cannot be avoided, the write-mode may be set to READ_FIRST which guarantees that the read data is the prior contents of the memory at the cost of additional power in the design. See the FPGA Memory Resources User Guide for additional information.
INFO: [Vivado 12-3199] DRC finished with 0 Errors, 1 Warnings, 1 Advisories
INFO: [Vivado 12-3200] Please refer to the DRC report (report_drc) for more information.
INFO: [Designutils 20-2272] Running write_bitstream with 2 threads.
Loading data files...
Loading site data...
Loading route data...
Processing options...
Creating bitmap...
Creating bitstream...
Writing bitstream ./design_1_wrapper.bit...
INFO: [Vivado 12-1842] Bitgen Completed Successfully.
INFO: [Common 17-83] Releasing license: Implementation
153 Infos, 33 Warnings, 0 Critical Warnings and 0 Errors encountered.
write_bitstream completed successfully
write_bitstream: Time (s): cpu = 00:00:10 ; elapsed = 00:00:08 . Memory (MB): peak = 2474.277 ; gain = 442.266
INFO: [Common 17-206] Exiting Vivado at Wed Jan 28 14:50:13 2026...
