#-----------------------------------------------------------
# Vivado v2020.1 (64-bit)
# SW Build 2902540 on Wed May 27 19:54:49 MDT 2020
# IP Build 2902112 on Wed May 27 22:43:36 MDT 2020
# Start of session at: Mon Feb  2 14:40:57 2026
# Process ID: 18804
# Current directory: C:/Users/buenting/cpre4880/labs/mp-0/lab1/lab1.srcs/sources_1/bd/design_1/ip/design_1_v_tc_0_1
# Command line: vivado.exe -gui_launcher_event rodinguilauncherevent12620 C:\Users\buenting\cpre4880\labs\mp-0\lab1\lab1.srcs\sources_1\bd\design_1\ip\design_1_v_tc_0_1\design_1_v_tc_0_1.dcp
# Log file: C:/Users/buenting/cpre4880/labs/mp-0/lab1/lab1.srcs/sources_1/bd/design_1/ip/design_1_v_tc_0_1/vivado.log
# Journal file: C:/Users/buenting/cpre4880/labs/mp-0/lab1/lab1.srcs/sources_1/bd/design_1/ip/design_1_v_tc_0_1\vivado.jou
#-----------------------------------------------------------
start_gui
open_checkpoint C:/Users/buenting/cpre4880/labs/mp-0/lab1/lab1.srcs/sources_1/bd/design_1/ip/design_1_v_tc_0_1/design_1_v_tc_0_1.dcp
Command: open_checkpoint C:/Users/buenting/cpre4880/labs/mp-0/lab1/lab1.srcs/sources_1/bd/design_1/ip/design_1_v_tc_0_1/design_1_v_tc_0_1.dcp

Starting open_checkpoint Task

Time (s): cpu = 00:00:00 ; elapsed = 00:00:00.018 . Memory (MB): peak = 1014.113 ; gain = 0.000
INFO: [IP_Flow 19-234] Refreshing IP repositories
INFO: [IP_Flow 19-1704] No user IP repositories specified
INFO: [IP_Flow 19-2313] Loaded Vivado IP repository 'C:/Xilinx/Vivado/2020.1/data/ip'.
INFO: [Device 21-403] Loading part xc7z020clg484-1
Netlist sorting complete. Time (s): cpu = 00:00:00 ; elapsed = 00:00:00.022 . Memory (MB): peak = 1022.629 ; gain = 0.000
INFO: [Netlist 29-17] Analyzing 165 Unisim elements for replacement
INFO: [Netlist 29-28] Unisim Transformation completed in 0 CPU seconds
INFO: [Project 1-479] Netlist was created with Vivado 2020.1
INFO: [Project 1-570] Preparing netlist for logic optimization
Netlist sorting complete. Time (s): cpu = 00:00:00 ; elapsed = 00:00:00.001 . Memory (MB): peak = 1111.129 ; gain = 0.000
INFO: [Project 1-111] Unisim Transformation Summary:
No Unisim elements were transformed.

INFO: [Project 1-604] Checkpoint was created with Vivado v2020.1 (64-bit) build 2902540
open_checkpoint: Time (s): cpu = 00:00:11 ; elapsed = 00:00:07 . Memory (MB): peak = 1310.594 ; gain = 296.480
exit
INFO: [Common 17-206] Exiting Vivado at Mon Feb  2 14:41:19 2026...
