13:39:42 INFO  : Launching XSCT server: xsct.bat -n  -interactive C:\Users\buenting\cpre4880\labs\mp-0\temp_xsdb_launch_script.tcl
13:39:42 INFO  : Registering command handlers for Vitis TCF services
13:39:43 INFO  : XSCT server has started successfully.
13:39:43 INFO  : Successfully done setting XSCT server connection channel  
13:39:43 INFO  : Platform repository initialization has completed.
13:39:43 INFO  : Successfully done setting workspace for the tool. 
13:39:43 INFO  : Successfully done query RDI_DATADIR 
13:39:43 INFO  : plnx-install-location is set to ''
13:40:53 ERROR : Failed to extract bitstream during creation of 'design_1_wrapper'
13:40:54 INFO  : Result from executing command 'getProjects': design_1_wrapper
13:40:54 INFO  : Result from executing command 'getPlatforms': 
13:40:54 INFO  : Platform 'design_1_wrapper' is added to custom repositories.
13:41:00 INFO  : Platform 'design_1_wrapper' is added to custom repositories.
13:41:46 INFO  : Result from executing command 'getProjects': design_1_wrapper
13:41:46 INFO  : Result from executing command 'getPlatforms': design_1_wrapper|C:/Users/buenting/cpre4880/labs/mp-0/design_1_wrapper/export/design_1_wrapper/design_1_wrapper.xpfm
13:41:47 INFO  : Checking for BSP changes to sync application flags for project 'lab1_vitis'...
13:46:18 INFO  : Checking for BSP changes to sync application flags for project 'lab1_vitis'...
13:48:51 INFO  : Connected to target on host '127.0.0.1' and port '3121'.
13:49:59 INFO  : Connected to target on host '127.0.0.1' and port '3121'.
13:51:36 INFO  : Connected to target on host '127.0.0.1' and port '3121'.
13:53:37 INFO  : Connected to target on host '127.0.0.1' and port '3121'.
13:56:11 INFO  : Connected to target on host '127.0.0.1' and port '3121'.
13:59:02 INFO  : Launching XSCT server: xsct.bat -n  -interactive C:\Users\buenting\cpre4880\labs\mp-0\temp_xsdb_launch_script.tcl
13:59:03 INFO  : XSCT server has started successfully.
13:59:03 INFO  : Successfully done setting XSCT server connection channel  
13:59:03 INFO  : plnx-install-location is set to ''
13:59:03 INFO  : Successfully done setting workspace for the tool. 
13:59:05 INFO  : Platform repository initialization has completed.
13:59:05 INFO  : Registering command handlers for Vitis TCF services
13:59:05 INFO  : Successfully done query RDI_DATADIR 
13:59:13 INFO  : Connected to target on host '127.0.0.1' and port '3121'.
14:00:56 INFO  : Connected to target on host '127.0.0.1' and port '3121'.
14:06:21 INFO  : Connected to target on host '127.0.0.1' and port '3121'.
14:10:04 INFO  : Connected to target on host '127.0.0.1' and port '3121'.
14:14:41 INFO  : Connected to target on host '127.0.0.1' and port '3121'.
14:20:33 INFO  : Connected to target on host '127.0.0.1' and port '3121'.
14:24:23 INFO  : Connected to target on host '127.0.0.1' and port '3121'.
09:23:42 INFO  : Launching XSCT server: xsct.bat -n  -interactive C:\Users\buenting\cpre4880\labs\mp-0\temp_xsdb_launch_script.tcl
09:23:43 INFO  : XSCT server has started successfully.
09:23:43 INFO  : plnx-install-location is set to ''
09:23:43 INFO  : Successfully done setting XSCT server connection channel  
09:23:43 INFO  : Successfully done setting workspace for the tool. 
09:23:45 INFO  : Platform repository initialization has completed.
09:23:45 INFO  : Successfully done query RDI_DATADIR 
09:23:45 INFO  : Registering command handlers for Vitis TCF services
09:24:17 INFO  : Result from executing command 'getProjects': design_1_wrapper
09:24:17 INFO  : Result from executing command 'getPlatforms': design_1_wrapper|C:/Users/buenting/cpre4880/labs/mp-0/design_1_wrapper/export/design_1_wrapper/design_1_wrapper.xpfm
09:24:18 INFO  : Checking for BSP changes to sync application flags for project 'lab1_vitis'...
09:25:52 INFO  : Connected to target on host '127.0.0.1' and port '3121'.
09:25:53 INFO  : 'targets -set -filter {jtag_cable_name =~ "Digilent Zed 210248781045" && level==0 && jtag_device_ctx=="jsn-Zed-210248781045-23727093-0"}' command is executed.
09:25:55 INFO  : FPGA configured successfully with bitstream "C:/Users/buenting/cpre4880/labs/mp-0/lab1_vitis/_ide/bitstream/design_1_wrapper.bit"
09:36:25 INFO  : Hardware specification for platform project 'design_1_wrapper' is updated.
09:37:20 INFO  : Result from executing command 'getProjects': design_1_wrapper
09:37:20 INFO  : Result from executing command 'getPlatforms': design_1_wrapper|C:/Users/buenting/cpre4880/labs/mp-0/design_1_wrapper/export/design_1_wrapper/design_1_wrapper.xpfm
09:37:37 INFO  : Checking for BSP changes to sync application flags for project 'lab1_vitis'...
09:37:39 INFO  : Updating application flags with new BSP settings...
09:37:39 INFO  : Successfully updated application flags for project lab1_vitis.
09:37:40 INFO  : The hardware specfication used by project 'lab1_vitis' is out of sync with the platform. Resource files extracted from the hardware specfiication will be updated.
09:37:40 INFO  : The file 'C:\Users\buenting\cpre4880\labs\mp-0\lab1_vitis\_ide\bitstream\design_1_wrapper.bit' stored in project is removed.
09:37:40 INFO  : The updated bitstream files are copied from platform to folder 'C:\Users\buenting\cpre4880\labs\mp-0\lab1_vitis\_ide\bitstream' in project 'lab1_vitis'.
09:37:40 INFO  : The file 'C:\Users\buenting\cpre4880\labs\mp-0\lab1_vitis\_ide\psinit\ps7_init.tcl' stored in project is removed.
09:37:43 INFO  : The updated ps init files are copied from platform to folder 'C:\Users\buenting\cpre4880\labs\mp-0\lab1_vitis\_ide\psinit' in project 'lab1_vitis'.
09:38:21 INFO  : Connected to target on host '127.0.0.1' and port '3121'.
09:38:21 INFO  : 'targets -set -filter {jtag_cable_name =~ "Digilent Zed 210248781045" && level==0 && jtag_device_ctx=="jsn-Zed-210248781045-23727093-0"}' command is executed.
09:38:24 INFO  : FPGA configured successfully with bitstream "C:/Users/buenting/cpre4880/labs/mp-0/lab1_vitis/_ide/bitstream/design_1_wrapper.bit"
09:40:31 INFO  : Checking for BSP changes to sync application flags for project 'lab1_vitis'...
09:42:02 INFO  : Checking for BSP changes to sync application flags for project 'lab1_vitis'...
09:43:41 INFO  : Checking for BSP changes to sync application flags for project 'lab1_vitis'...
09:44:10 INFO  : Checking for BSP changes to sync application flags for project 'lab1_vitis'...
09:44:16 INFO  : Connected to target on host '127.0.0.1' and port '3121'.
09:44:16 INFO  : Jtag cable 'Digilent Zed 210248781045' is selected.
09:44:16 INFO  : 'jtag frequency' command is executed.
09:44:16 INFO  : Context for 'APU' is selected.
09:44:16 INFO  : System reset is completed.
09:44:19 INFO  : 'after 3000' command is executed.
09:44:19 INFO  : 'targets -set -filter {jtag_cable_name =~ "Digilent Zed 210248781045" && level==0 && jtag_device_ctx=="jsn-Zed-210248781045-23727093-0"}' command is executed.
09:44:21 INFO  : FPGA configured successfully with bitstream "C:/Users/buenting/cpre4880/labs/mp-0/lab1_vitis/_ide/bitstream/design_1_wrapper.bit"
09:44:21 INFO  : Context for 'APU' is selected.
09:44:21 INFO  : Hardware design and registers information is loaded from 'C:/Users/buenting/cpre4880/labs/mp-0/design_1_wrapper/export/design_1_wrapper/hw/design_1_wrapper.xsa'.
09:44:21 INFO  : 'configparams force-mem-access 1' command is executed.
09:44:21 INFO  : Context for 'APU' is selected.
09:44:21 INFO  : Sourcing of 'C:/Users/buenting/cpre4880/labs/mp-0/lab1_vitis/_ide/psinit/ps7_init.tcl' is done.
09:44:21 INFO  : 'ps7_init' command is executed.
09:44:21 INFO  : 'ps7_post_config' command is executed.
09:44:21 INFO  : Context for processor 'ps7_cortexa9_0' is selected.
09:44:22 INFO  : The application 'C:/Users/buenting/cpre4880/labs/mp-0/lab1_vitis/Debug/lab1_vitis.elf' is downloaded to processor 'ps7_cortexa9_0'.
09:44:22 INFO  : 'configparams force-mem-access 0' command is executed.
09:44:22 INFO  : ----------------XSDB Script----------------
connect -url tcp:127.0.0.1:3121
targets -set -nocase -filter {name =~"APU*"}
rst -system
after 3000
targets -set -filter {jtag_cable_name =~ "Digilent Zed 210248781045" && level==0 && jtag_device_ctx=="jsn-Zed-210248781045-23727093-0"}
fpga -file C:/Users/buenting/cpre4880/labs/mp-0/lab1_vitis/_ide/bitstream/design_1_wrapper.bit
targets -set -nocase -filter {name =~"APU*"}
loadhw -hw C:/Users/buenting/cpre4880/labs/mp-0/design_1_wrapper/export/design_1_wrapper/hw/design_1_wrapper.xsa -mem-ranges [list {0x40000000 0xbfffffff}] -regs
configparams force-mem-access 1
targets -set -nocase -filter {name =~"APU*"}
source C:/Users/buenting/cpre4880/labs/mp-0/lab1_vitis/_ide/psinit/ps7_init.tcl
ps7_init
ps7_post_config
targets -set -nocase -filter {name =~ "*A9*#0"}
dow C:/Users/buenting/cpre4880/labs/mp-0/lab1_vitis/Debug/lab1_vitis.elf
configparams force-mem-access 0
----------------End of Script----------------

09:44:22 INFO  : Context for processor 'ps7_cortexa9_0' is selected.
09:44:22 INFO  : 'con' command is executed.
09:44:22 INFO  : ----------------XSDB Script (After Launch)----------------
targets -set -nocase -filter {name =~ "*A9*#0"}
con
----------------End of Script----------------

09:44:22 INFO  : Launch script is exported to file 'C:\Users\buenting\cpre4880\labs\mp-0\.sdk\launch_scripts\single_application_debug\debugger_lab1_vitis-default.tcl'
10:03:19 INFO  : Checking for BSP changes to sync application flags for project 'lab1_vitis'...
10:03:40 INFO  : Disconnected from the channel tcfchan#2.
10:03:41 INFO  : Connected to target on host '127.0.0.1' and port '3121'.
10:03:41 INFO  : Jtag cable 'Digilent Zed 210248781045' is selected.
10:03:41 INFO  : 'jtag frequency' command is executed.
10:03:41 INFO  : Context for 'APU' is selected.
10:03:41 INFO  : System reset is completed.
10:03:44 INFO  : 'after 3000' command is executed.
10:03:44 INFO  : 'targets -set -filter {jtag_cable_name =~ "Digilent Zed 210248781045" && level==0 && jtag_device_ctx=="jsn-Zed-210248781045-23727093-0"}' command is executed.
10:03:46 INFO  : FPGA configured successfully with bitstream "C:/Users/buenting/cpre4880/labs/mp-0/lab1_vitis/_ide/bitstream/design_1_wrapper.bit"
10:03:46 INFO  : Context for 'APU' is selected.
10:03:46 INFO  : Hardware design and registers information is loaded from 'C:/Users/buenting/cpre4880/labs/mp-0/design_1_wrapper/export/design_1_wrapper/hw/design_1_wrapper.xsa'.
10:03:46 INFO  : 'configparams force-mem-access 1' command is executed.
10:03:46 INFO  : Context for 'APU' is selected.
10:03:46 INFO  : Sourcing of 'C:/Users/buenting/cpre4880/labs/mp-0/lab1_vitis/_ide/psinit/ps7_init.tcl' is done.
10:03:47 INFO  : 'ps7_init' command is executed.
10:03:47 INFO  : 'ps7_post_config' command is executed.
10:03:47 INFO  : Context for processor 'ps7_cortexa9_0' is selected.
10:03:47 INFO  : The application 'C:/Users/buenting/cpre4880/labs/mp-0/lab1_vitis/Debug/lab1_vitis.elf' is downloaded to processor 'ps7_cortexa9_0'.
10:03:47 INFO  : 'configparams force-mem-access 0' command is executed.
10:03:47 INFO  : ----------------XSDB Script----------------
connect -url tcp:127.0.0.1:3121
targets -set -nocase -filter {name =~"APU*"}
rst -system
after 3000
targets -set -filter {jtag_cable_name =~ "Digilent Zed 210248781045" && level==0 && jtag_device_ctx=="jsn-Zed-210248781045-23727093-0"}
fpga -file C:/Users/buenting/cpre4880/labs/mp-0/lab1_vitis/_ide/bitstream/design_1_wrapper.bit
targets -set -nocase -filter {name =~"APU*"}
loadhw -hw C:/Users/buenting/cpre4880/labs/mp-0/design_1_wrapper/export/design_1_wrapper/hw/design_1_wrapper.xsa -mem-ranges [list {0x40000000 0xbfffffff}] -regs
configparams force-mem-access 1
targets -set -nocase -filter {name =~"APU*"}
source C:/Users/buenting/cpre4880/labs/mp-0/lab1_vitis/_ide/psinit/ps7_init.tcl
ps7_init
ps7_post_config
targets -set -nocase -filter {name =~ "*A9*#0"}
dow C:/Users/buenting/cpre4880/labs/mp-0/lab1_vitis/Debug/lab1_vitis.elf
configparams force-mem-access 0
----------------End of Script----------------

10:03:47 INFO  : Context for processor 'ps7_cortexa9_0' is selected.
10:03:47 INFO  : 'con' command is executed.
10:03:47 INFO  : ----------------XSDB Script (After Launch)----------------
targets -set -nocase -filter {name =~ "*A9*#0"}
con
----------------End of Script----------------

10:03:47 INFO  : Launch script is exported to file 'C:\Users\buenting\cpre4880\labs\mp-0\.sdk\launch_scripts\single_application_debug\debugger_lab1_vitis-default.tcl'
10:13:30 INFO  : Checking for BSP changes to sync application flags for project 'lab1_vitis'...
10:13:54 INFO  : Disconnected from the channel tcfchan#5.
10:13:55 INFO  : Connected to target on host '127.0.0.1' and port '3121'.
10:13:55 INFO  : Jtag cable 'Digilent Zed 210248781045' is selected.
10:13:55 INFO  : 'jtag frequency' command is executed.
10:13:55 INFO  : Context for 'APU' is selected.
10:13:55 INFO  : System reset is completed.
10:13:58 INFO  : 'after 3000' command is executed.
10:13:58 INFO  : 'targets -set -filter {jtag_cable_name =~ "Digilent Zed 210248781045" && level==0 && jtag_device_ctx=="jsn-Zed-210248781045-23727093-0"}' command is executed.
10:14:00 INFO  : FPGA configured successfully with bitstream "C:/Users/buenting/cpre4880/labs/mp-0/lab1_vitis/_ide/bitstream/design_1_wrapper.bit"
10:14:00 INFO  : Context for 'APU' is selected.
10:14:00 INFO  : Hardware design and registers information is loaded from 'C:/Users/buenting/cpre4880/labs/mp-0/design_1_wrapper/export/design_1_wrapper/hw/design_1_wrapper.xsa'.
10:14:00 INFO  : 'configparams force-mem-access 1' command is executed.
10:14:00 INFO  : Context for 'APU' is selected.
10:14:00 INFO  : Sourcing of 'C:/Users/buenting/cpre4880/labs/mp-0/lab1_vitis/_ide/psinit/ps7_init.tcl' is done.
10:14:00 INFO  : 'ps7_init' command is executed.
10:14:00 INFO  : 'ps7_post_config' command is executed.
10:14:00 INFO  : Context for processor 'ps7_cortexa9_0' is selected.
10:14:01 INFO  : The application 'C:/Users/buenting/cpre4880/labs/mp-0/lab1_vitis/Debug/lab1_vitis.elf' is downloaded to processor 'ps7_cortexa9_0'.
10:14:01 INFO  : 'configparams force-mem-access 0' command is executed.
10:14:01 INFO  : ----------------XSDB Script----------------
connect -url tcp:127.0.0.1:3121
targets -set -nocase -filter {name =~"APU*"}
rst -system
after 3000
targets -set -filter {jtag_cable_name =~ "Digilent Zed 210248781045" && level==0 && jtag_device_ctx=="jsn-Zed-210248781045-23727093-0"}
fpga -file C:/Users/buenting/cpre4880/labs/mp-0/lab1_vitis/_ide/bitstream/design_1_wrapper.bit
targets -set -nocase -filter {name =~"APU*"}
loadhw -hw C:/Users/buenting/cpre4880/labs/mp-0/design_1_wrapper/export/design_1_wrapper/hw/design_1_wrapper.xsa -mem-ranges [list {0x40000000 0xbfffffff}] -regs
configparams force-mem-access 1
targets -set -nocase -filter {name =~"APU*"}
source C:/Users/buenting/cpre4880/labs/mp-0/lab1_vitis/_ide/psinit/ps7_init.tcl
ps7_init
ps7_post_config
targets -set -nocase -filter {name =~ "*A9*#0"}
dow C:/Users/buenting/cpre4880/labs/mp-0/lab1_vitis/Debug/lab1_vitis.elf
configparams force-mem-access 0
----------------End of Script----------------

10:14:01 INFO  : Context for processor 'ps7_cortexa9_0' is selected.
10:14:01 INFO  : 'con' command is executed.
10:14:01 INFO  : ----------------XSDB Script (After Launch)----------------
targets -set -nocase -filter {name =~ "*A9*#0"}
con
----------------End of Script----------------

10:14:01 INFO  : Launch script is exported to file 'C:\Users\buenting\cpre4880\labs\mp-0\.sdk\launch_scripts\single_application_debug\debugger_lab1_vitis-default.tcl'
10:14:59 INFO  : Disconnected from the channel tcfchan#6.
10:15:00 INFO  : Connected to target on host '127.0.0.1' and port '3121'.
10:15:01 INFO  : Jtag cable 'Digilent Zed 210248781045' is selected.
10:15:01 INFO  : 'jtag frequency' command is executed.
10:15:01 INFO  : Context for 'APU' is selected.
10:15:01 INFO  : System reset is completed.
10:15:04 INFO  : 'after 3000' command is executed.
10:15:04 INFO  : 'targets -set -filter {jtag_cable_name =~ "Digilent Zed 210248781045" && level==0 && jtag_device_ctx=="jsn-Zed-210248781045-23727093-0"}' command is executed.
10:15:06 INFO  : FPGA configured successfully with bitstream "C:/Users/buenting/cpre4880/labs/mp-0/lab1_vitis/_ide/bitstream/design_1_wrapper.bit"
10:15:06 INFO  : Context for 'APU' is selected.
10:15:06 INFO  : Hardware design and registers information is loaded from 'C:/Users/buenting/cpre4880/labs/mp-0/design_1_wrapper/export/design_1_wrapper/hw/design_1_wrapper.xsa'.
10:15:06 INFO  : 'configparams force-mem-access 1' command is executed.
10:15:06 INFO  : Context for 'APU' is selected.
10:15:06 INFO  : Sourcing of 'C:/Users/buenting/cpre4880/labs/mp-0/lab1_vitis/_ide/psinit/ps7_init.tcl' is done.
10:15:06 INFO  : 'ps7_init' command is executed.
10:15:06 INFO  : 'ps7_post_config' command is executed.
10:15:06 INFO  : Context for processor 'ps7_cortexa9_0' is selected.
10:15:06 INFO  : The application 'C:/Users/buenting/cpre4880/labs/mp-0/lab1_vitis/Debug/lab1_vitis.elf' is downloaded to processor 'ps7_cortexa9_0'.
10:15:06 INFO  : 'configparams force-mem-access 0' command is executed.
10:15:06 INFO  : ----------------XSDB Script----------------
connect -url tcp:127.0.0.1:3121
targets -set -nocase -filter {name =~"APU*"}
rst -system
after 3000
targets -set -filter {jtag_cable_name =~ "Digilent Zed 210248781045" && level==0 && jtag_device_ctx=="jsn-Zed-210248781045-23727093-0"}
fpga -file C:/Users/buenting/cpre4880/labs/mp-0/lab1_vitis/_ide/bitstream/design_1_wrapper.bit
targets -set -nocase -filter {name =~"APU*"}
loadhw -hw C:/Users/buenting/cpre4880/labs/mp-0/design_1_wrapper/export/design_1_wrapper/hw/design_1_wrapper.xsa -mem-ranges [list {0x40000000 0xbfffffff}] -regs
configparams force-mem-access 1
targets -set -nocase -filter {name =~"APU*"}
source C:/Users/buenting/cpre4880/labs/mp-0/lab1_vitis/_ide/psinit/ps7_init.tcl
ps7_init
ps7_post_config
targets -set -nocase -filter {name =~ "*A9*#0"}
dow C:/Users/buenting/cpre4880/labs/mp-0/lab1_vitis/Debug/lab1_vitis.elf
configparams force-mem-access 0
----------------End of Script----------------

10:15:06 INFO  : Context for processor 'ps7_cortexa9_0' is selected.
10:15:06 INFO  : 'con' command is executed.
10:15:06 INFO  : ----------------XSDB Script (After Launch)----------------
targets -set -nocase -filter {name =~ "*A9*#0"}
con
----------------End of Script----------------

10:15:06 INFO  : Launch script is exported to file 'C:\Users\buenting\cpre4880\labs\mp-0\.sdk\launch_scripts\single_application_debug\debugger_lab1_vitis-default.tcl'
10:15:51 INFO  : Checking for BSP changes to sync application flags for project 'lab1_vitis'...
10:15:55 INFO  : Disconnected from the channel tcfchan#7.
10:15:56 INFO  : Connected to target on host '127.0.0.1' and port '3121'.
10:15:56 INFO  : Jtag cable 'Digilent Zed 210248781045' is selected.
10:15:56 INFO  : 'jtag frequency' command is executed.
10:15:56 INFO  : Context for 'APU' is selected.
10:15:56 INFO  : System reset is completed.
10:15:59 INFO  : 'after 3000' command is executed.
10:15:59 INFO  : 'targets -set -filter {jtag_cable_name =~ "Digilent Zed 210248781045" && level==0 && jtag_device_ctx=="jsn-Zed-210248781045-23727093-0"}' command is executed.
10:16:02 INFO  : FPGA configured successfully with bitstream "C:/Users/buenting/cpre4880/labs/mp-0/lab1_vitis/_ide/bitstream/design_1_wrapper.bit"
10:16:02 INFO  : Context for 'APU' is selected.
10:16:02 INFO  : Hardware design and registers information is loaded from 'C:/Users/buenting/cpre4880/labs/mp-0/design_1_wrapper/export/design_1_wrapper/hw/design_1_wrapper.xsa'.
10:16:02 INFO  : 'configparams force-mem-access 1' command is executed.
10:16:02 INFO  : Context for 'APU' is selected.
10:16:02 INFO  : Sourcing of 'C:/Users/buenting/cpre4880/labs/mp-0/lab1_vitis/_ide/psinit/ps7_init.tcl' is done.
10:16:02 INFO  : 'ps7_init' command is executed.
10:16:02 INFO  : 'ps7_post_config' command is executed.
10:16:02 INFO  : Context for processor 'ps7_cortexa9_0' is selected.
10:16:02 INFO  : The application 'C:/Users/buenting/cpre4880/labs/mp-0/lab1_vitis/Debug/lab1_vitis.elf' is downloaded to processor 'ps7_cortexa9_0'.
10:16:02 INFO  : 'configparams force-mem-access 0' command is executed.
10:16:02 INFO  : ----------------XSDB Script----------------
connect -url tcp:127.0.0.1:3121
targets -set -nocase -filter {name =~"APU*"}
rst -system
after 3000
targets -set -filter {jtag_cable_name =~ "Digilent Zed 210248781045" && level==0 && jtag_device_ctx=="jsn-Zed-210248781045-23727093-0"}
fpga -file C:/Users/buenting/cpre4880/labs/mp-0/lab1_vitis/_ide/bitstream/design_1_wrapper.bit
targets -set -nocase -filter {name =~"APU*"}
loadhw -hw C:/Users/buenting/cpre4880/labs/mp-0/design_1_wrapper/export/design_1_wrapper/hw/design_1_wrapper.xsa -mem-ranges [list {0x40000000 0xbfffffff}] -regs
configparams force-mem-access 1
targets -set -nocase -filter {name =~"APU*"}
source C:/Users/buenting/cpre4880/labs/mp-0/lab1_vitis/_ide/psinit/ps7_init.tcl
ps7_init
ps7_post_config
targets -set -nocase -filter {name =~ "*A9*#0"}
dow C:/Users/buenting/cpre4880/labs/mp-0/lab1_vitis/Debug/lab1_vitis.elf
configparams force-mem-access 0
----------------End of Script----------------

10:16:02 INFO  : Context for processor 'ps7_cortexa9_0' is selected.
10:16:02 INFO  : 'con' command is executed.
10:16:02 INFO  : ----------------XSDB Script (After Launch)----------------
targets -set -nocase -filter {name =~ "*A9*#0"}
con
----------------End of Script----------------

10:16:02 INFO  : Launch script is exported to file 'C:\Users\buenting\cpre4880\labs\mp-0\.sdk\launch_scripts\single_application_debug\debugger_lab1_vitis-default.tcl'
10:32:18 INFO  : Checking for BSP changes to sync application flags for project 'lab1_vitis'...
10:33:38 INFO  : Disconnected from the channel tcfchan#8.
10:33:39 INFO  : Connected to target on host '127.0.0.1' and port '3121'.
10:33:39 INFO  : Jtag cable 'Digilent Zed 210248781045' is selected.
10:33:39 INFO  : 'jtag frequency' command is executed.
10:33:39 INFO  : Context for 'APU' is selected.
10:33:39 INFO  : System reset is completed.
10:33:42 INFO  : 'after 3000' command is executed.
10:33:42 INFO  : 'targets -set -filter {jtag_cable_name =~ "Digilent Zed 210248781045" && level==0 && jtag_device_ctx=="jsn-Zed-210248781045-23727093-0"}' command is executed.
10:33:44 INFO  : FPGA configured successfully with bitstream "C:/Users/buenting/cpre4880/labs/mp-0/lab1_vitis/_ide/bitstream/design_1_wrapper.bit"
10:33:44 INFO  : Context for 'APU' is selected.
10:33:44 INFO  : Hardware design and registers information is loaded from 'C:/Users/buenting/cpre4880/labs/mp-0/design_1_wrapper/export/design_1_wrapper/hw/design_1_wrapper.xsa'.
10:33:44 INFO  : 'configparams force-mem-access 1' command is executed.
10:33:44 INFO  : Context for 'APU' is selected.
10:33:44 INFO  : Sourcing of 'C:/Users/buenting/cpre4880/labs/mp-0/lab1_vitis/_ide/psinit/ps7_init.tcl' is done.
10:33:44 INFO  : 'ps7_init' command is executed.
10:33:44 INFO  : 'ps7_post_config' command is executed.
10:33:44 INFO  : Context for processor 'ps7_cortexa9_0' is selected.
10:33:45 INFO  : The application 'C:/Users/buenting/cpre4880/labs/mp-0/lab1_vitis/Debug/lab1_vitis.elf' is downloaded to processor 'ps7_cortexa9_0'.
10:33:45 INFO  : 'configparams force-mem-access 0' command is executed.
10:33:45 INFO  : ----------------XSDB Script----------------
connect -url tcp:127.0.0.1:3121
targets -set -nocase -filter {name =~"APU*"}
rst -system
after 3000
targets -set -filter {jtag_cable_name =~ "Digilent Zed 210248781045" && level==0 && jtag_device_ctx=="jsn-Zed-210248781045-23727093-0"}
fpga -file C:/Users/buenting/cpre4880/labs/mp-0/lab1_vitis/_ide/bitstream/design_1_wrapper.bit
targets -set -nocase -filter {name =~"APU*"}
loadhw -hw C:/Users/buenting/cpre4880/labs/mp-0/design_1_wrapper/export/design_1_wrapper/hw/design_1_wrapper.xsa -mem-ranges [list {0x40000000 0xbfffffff}] -regs
configparams force-mem-access 1
targets -set -nocase -filter {name =~"APU*"}
source C:/Users/buenting/cpre4880/labs/mp-0/lab1_vitis/_ide/psinit/ps7_init.tcl
ps7_init
ps7_post_config
targets -set -nocase -filter {name =~ "*A9*#0"}
dow C:/Users/buenting/cpre4880/labs/mp-0/lab1_vitis/Debug/lab1_vitis.elf
configparams force-mem-access 0
----------------End of Script----------------

10:33:45 INFO  : Context for processor 'ps7_cortexa9_0' is selected.
10:33:45 INFO  : 'con' command is executed.
10:33:45 INFO  : ----------------XSDB Script (After Launch)----------------
targets -set -nocase -filter {name =~ "*A9*#0"}
con
----------------End of Script----------------

10:33:45 INFO  : Launch script is exported to file 'C:\Users\buenting\cpre4880\labs\mp-0\.sdk\launch_scripts\single_application_debug\debugger_lab1_vitis-default.tcl'
10:34:30 INFO  : Checking for BSP changes to sync application flags for project 'lab1_vitis'...
10:36:01 INFO  : Checking for BSP changes to sync application flags for project 'lab1_vitis'...
10:36:21 INFO  : Checking for BSP changes to sync application flags for project 'lab1_vitis'...
10:36:32 INFO  : Checking for BSP changes to sync application flags for project 'lab1_vitis'...
10:36:36 INFO  : Disconnected from the channel tcfchan#9.
10:36:37 INFO  : Connected to target on host '127.0.0.1' and port '3121'.
10:36:37 INFO  : Jtag cable 'Digilent Zed 210248781045' is selected.
10:36:37 INFO  : 'jtag frequency' command is executed.
10:36:37 INFO  : Context for 'APU' is selected.
10:36:37 INFO  : System reset is completed.
10:36:40 INFO  : 'after 3000' command is executed.
10:36:40 INFO  : 'targets -set -filter {jtag_cable_name =~ "Digilent Zed 210248781045" && level==0 && jtag_device_ctx=="jsn-Zed-210248781045-23727093-0"}' command is executed.
10:36:42 INFO  : FPGA configured successfully with bitstream "C:/Users/buenting/cpre4880/labs/mp-0/lab1_vitis/_ide/bitstream/design_1_wrapper.bit"
10:36:42 INFO  : Context for 'APU' is selected.
10:36:42 INFO  : Hardware design and registers information is loaded from 'C:/Users/buenting/cpre4880/labs/mp-0/design_1_wrapper/export/design_1_wrapper/hw/design_1_wrapper.xsa'.
10:36:42 INFO  : 'configparams force-mem-access 1' command is executed.
10:36:42 INFO  : Context for 'APU' is selected.
10:36:42 INFO  : Sourcing of 'C:/Users/buenting/cpre4880/labs/mp-0/lab1_vitis/_ide/psinit/ps7_init.tcl' is done.
10:36:42 INFO  : 'ps7_init' command is executed.
10:36:42 INFO  : 'ps7_post_config' command is executed.
10:36:42 INFO  : Context for processor 'ps7_cortexa9_0' is selected.
10:36:42 INFO  : The application 'C:/Users/buenting/cpre4880/labs/mp-0/lab1_vitis/Debug/lab1_vitis.elf' is downloaded to processor 'ps7_cortexa9_0'.
10:36:43 INFO  : 'configparams force-mem-access 0' command is executed.
10:36:43 INFO  : ----------------XSDB Script----------------
connect -url tcp:127.0.0.1:3121
targets -set -nocase -filter {name =~"APU*"}
rst -system
after 3000
targets -set -filter {jtag_cable_name =~ "Digilent Zed 210248781045" && level==0 && jtag_device_ctx=="jsn-Zed-210248781045-23727093-0"}
fpga -file C:/Users/buenting/cpre4880/labs/mp-0/lab1_vitis/_ide/bitstream/design_1_wrapper.bit
targets -set -nocase -filter {name =~"APU*"}
loadhw -hw C:/Users/buenting/cpre4880/labs/mp-0/design_1_wrapper/export/design_1_wrapper/hw/design_1_wrapper.xsa -mem-ranges [list {0x40000000 0xbfffffff}] -regs
configparams force-mem-access 1
targets -set -nocase -filter {name =~"APU*"}
source C:/Users/buenting/cpre4880/labs/mp-0/lab1_vitis/_ide/psinit/ps7_init.tcl
ps7_init
ps7_post_config
targets -set -nocase -filter {name =~ "*A9*#0"}
dow C:/Users/buenting/cpre4880/labs/mp-0/lab1_vitis/Debug/lab1_vitis.elf
configparams force-mem-access 0
----------------End of Script----------------

10:36:43 INFO  : Context for processor 'ps7_cortexa9_0' is selected.
10:36:43 INFO  : 'con' command is executed.
10:36:43 INFO  : ----------------XSDB Script (After Launch)----------------
targets -set -nocase -filter {name =~ "*A9*#0"}
con
----------------End of Script----------------

10:36:43 INFO  : Launch script is exported to file 'C:\Users\buenting\cpre4880\labs\mp-0\.sdk\launch_scripts\single_application_debug\debugger_lab1_vitis-default.tcl'
10:39:09 INFO  : Checking for BSP changes to sync application flags for project 'lab1_vitis'...
10:39:14 INFO  : Disconnected from the channel tcfchan#10.
10:39:15 INFO  : Connected to target on host '127.0.0.1' and port '3121'.
10:39:15 INFO  : Jtag cable 'Digilent Zed 210248781045' is selected.
10:39:15 INFO  : 'jtag frequency' command is executed.
10:39:15 INFO  : Context for 'APU' is selected.
10:39:15 INFO  : System reset is completed.
10:39:18 INFO  : 'after 3000' command is executed.
10:39:18 INFO  : 'targets -set -filter {jtag_cable_name =~ "Digilent Zed 210248781045" && level==0 && jtag_device_ctx=="jsn-Zed-210248781045-23727093-0"}' command is executed.
10:39:20 INFO  : FPGA configured successfully with bitstream "C:/Users/buenting/cpre4880/labs/mp-0/lab1_vitis/_ide/bitstream/design_1_wrapper.bit"
10:39:20 INFO  : Context for 'APU' is selected.
10:39:20 INFO  : Hardware design and registers information is loaded from 'C:/Users/buenting/cpre4880/labs/mp-0/design_1_wrapper/export/design_1_wrapper/hw/design_1_wrapper.xsa'.
10:39:20 INFO  : 'configparams force-mem-access 1' command is executed.
10:39:20 INFO  : Context for 'APU' is selected.
10:39:20 INFO  : Sourcing of 'C:/Users/buenting/cpre4880/labs/mp-0/lab1_vitis/_ide/psinit/ps7_init.tcl' is done.
10:39:21 INFO  : 'ps7_init' command is executed.
10:39:21 INFO  : 'ps7_post_config' command is executed.
10:39:21 INFO  : Context for processor 'ps7_cortexa9_0' is selected.
10:39:21 INFO  : The application 'C:/Users/buenting/cpre4880/labs/mp-0/lab1_vitis/Debug/lab1_vitis.elf' is downloaded to processor 'ps7_cortexa9_0'.
10:39:21 INFO  : 'configparams force-mem-access 0' command is executed.
10:39:21 INFO  : ----------------XSDB Script----------------
connect -url tcp:127.0.0.1:3121
targets -set -nocase -filter {name =~"APU*"}
rst -system
after 3000
targets -set -filter {jtag_cable_name =~ "Digilent Zed 210248781045" && level==0 && jtag_device_ctx=="jsn-Zed-210248781045-23727093-0"}
fpga -file C:/Users/buenting/cpre4880/labs/mp-0/lab1_vitis/_ide/bitstream/design_1_wrapper.bit
targets -set -nocase -filter {name =~"APU*"}
loadhw -hw C:/Users/buenting/cpre4880/labs/mp-0/design_1_wrapper/export/design_1_wrapper/hw/design_1_wrapper.xsa -mem-ranges [list {0x40000000 0xbfffffff}] -regs
configparams force-mem-access 1
targets -set -nocase -filter {name =~"APU*"}
source C:/Users/buenting/cpre4880/labs/mp-0/lab1_vitis/_ide/psinit/ps7_init.tcl
ps7_init
ps7_post_config
targets -set -nocase -filter {name =~ "*A9*#0"}
dow C:/Users/buenting/cpre4880/labs/mp-0/lab1_vitis/Debug/lab1_vitis.elf
configparams force-mem-access 0
----------------End of Script----------------

10:39:21 INFO  : Context for processor 'ps7_cortexa9_0' is selected.
10:39:21 INFO  : 'con' command is executed.
10:39:21 INFO  : ----------------XSDB Script (After Launch)----------------
targets -set -nocase -filter {name =~ "*A9*#0"}
con
----------------End of Script----------------

10:39:21 INFO  : Launch script is exported to file 'C:\Users\buenting\cpre4880\labs\mp-0\.sdk\launch_scripts\single_application_debug\debugger_lab1_vitis-default.tcl'
10:47:57 INFO  : Checking for BSP changes to sync application flags for project 'lab1_vitis'...
10:48:04 INFO  : Disconnected from the channel tcfchan#11.
10:48:05 INFO  : Connected to target on host '127.0.0.1' and port '3121'.
10:48:05 INFO  : Jtag cable 'Digilent Zed 210248781045' is selected.
10:48:05 INFO  : 'jtag frequency' command is executed.
10:48:05 INFO  : Context for 'APU' is selected.
10:48:05 INFO  : System reset is completed.
10:48:08 INFO  : 'after 3000' command is executed.
10:48:08 INFO  : 'targets -set -filter {jtag_cable_name =~ "Digilent Zed 210248781045" && level==0 && jtag_device_ctx=="jsn-Zed-210248781045-23727093-0"}' command is executed.
10:48:10 INFO  : FPGA configured successfully with bitstream "C:/Users/buenting/cpre4880/labs/mp-0/lab1_vitis/_ide/bitstream/design_1_wrapper.bit"
10:48:10 INFO  : Context for 'APU' is selected.
10:48:10 INFO  : Hardware design and registers information is loaded from 'C:/Users/buenting/cpre4880/labs/mp-0/design_1_wrapper/export/design_1_wrapper/hw/design_1_wrapper.xsa'.
10:48:10 INFO  : 'configparams force-mem-access 1' command is executed.
10:48:10 INFO  : Context for 'APU' is selected.
10:48:10 INFO  : Sourcing of 'C:/Users/buenting/cpre4880/labs/mp-0/lab1_vitis/_ide/psinit/ps7_init.tcl' is done.
10:48:10 INFO  : 'ps7_init' command is executed.
10:48:10 INFO  : 'ps7_post_config' command is executed.
10:48:10 INFO  : Context for processor 'ps7_cortexa9_0' is selected.
10:48:10 INFO  : The application 'C:/Users/buenting/cpre4880/labs/mp-0/lab1_vitis/Debug/lab1_vitis.elf' is downloaded to processor 'ps7_cortexa9_0'.
10:48:10 INFO  : 'configparams force-mem-access 0' command is executed.
10:48:10 INFO  : ----------------XSDB Script----------------
connect -url tcp:127.0.0.1:3121
targets -set -nocase -filter {name =~"APU*"}
rst -system
after 3000
targets -set -filter {jtag_cable_name =~ "Digilent Zed 210248781045" && level==0 && jtag_device_ctx=="jsn-Zed-210248781045-23727093-0"}
fpga -file C:/Users/buenting/cpre4880/labs/mp-0/lab1_vitis/_ide/bitstream/design_1_wrapper.bit
targets -set -nocase -filter {name =~"APU*"}
loadhw -hw C:/Users/buenting/cpre4880/labs/mp-0/design_1_wrapper/export/design_1_wrapper/hw/design_1_wrapper.xsa -mem-ranges [list {0x40000000 0xbfffffff}] -regs
configparams force-mem-access 1
targets -set -nocase -filter {name =~"APU*"}
source C:/Users/buenting/cpre4880/labs/mp-0/lab1_vitis/_ide/psinit/ps7_init.tcl
ps7_init
ps7_post_config
targets -set -nocase -filter {name =~ "*A9*#0"}
dow C:/Users/buenting/cpre4880/labs/mp-0/lab1_vitis/Debug/lab1_vitis.elf
configparams force-mem-access 0
----------------End of Script----------------

10:48:10 INFO  : Context for processor 'ps7_cortexa9_0' is selected.
10:48:11 INFO  : 'con' command is executed.
10:48:11 INFO  : ----------------XSDB Script (After Launch)----------------
targets -set -nocase -filter {name =~ "*A9*#0"}
con
----------------End of Script----------------

10:48:11 INFO  : Launch script is exported to file 'C:\Users\buenting\cpre4880\labs\mp-0\.sdk\launch_scripts\single_application_debug\debugger_lab1_vitis-default.tcl'
11:53:14 INFO  : Disconnected from the channel tcfchan#12.
13:34:33 INFO  : Launching XSCT server: xsct.bat -n  -interactive C:\Users\buenting\cpre4880\labs\mp-0\temp_xsdb_launch_script.tcl
13:34:34 INFO  : XSCT server has started successfully.
13:34:34 INFO  : plnx-install-location is set to ''
13:34:34 INFO  : Successfully done setting XSCT server connection channel  
13:34:34 INFO  : Successfully done setting workspace for the tool. 
13:34:36 INFO  : Platform repository initialization has completed.
13:34:36 INFO  : Successfully done query RDI_DATADIR 
13:34:36 INFO  : Registering command handlers for Vitis TCF services
13:35:08 INFO  : Hardware specification for platform project 'design_1_wrapper' is updated.
13:35:51 INFO  : Result from executing command 'getProjects': design_1_wrapper
13:35:51 INFO  : Result from executing command 'getPlatforms': design_1_wrapper|C:/Users/buenting/cpre4880/labs/mp-0/design_1_wrapper/export/design_1_wrapper/design_1_wrapper.xpfm
13:35:51 INFO  : Checking for BSP changes to sync application flags for project 'lab1_vitis'...
13:35:55 INFO  : The hardware specfication used by project 'lab1_vitis' is out of sync with the platform. Resource files extracted from the hardware specfiication will be updated.
13:35:55 INFO  : The file 'C:\Users\buenting\cpre4880\labs\mp-0\lab1_vitis\_ide\bitstream\design_1_wrapper.bit' stored in project is removed.
13:35:55 INFO  : The updated bitstream files are copied from platform to folder 'C:\Users\buenting\cpre4880\labs\mp-0\lab1_vitis\_ide\bitstream' in project 'lab1_vitis'.
13:35:55 INFO  : The file 'C:\Users\buenting\cpre4880\labs\mp-0\lab1_vitis\_ide\psinit\ps7_init.tcl' stored in project is removed.
13:35:57 INFO  : The updated ps init files are copied from platform to folder 'C:\Users\buenting\cpre4880\labs\mp-0\lab1_vitis\_ide\psinit' in project 'lab1_vitis'.
13:37:07 INFO  : Connected to target on host '127.0.0.1' and port '3121'.
13:37:07 INFO  : Jtag cable 'Digilent Zed 210248B9DA56' is selected.
13:37:07 INFO  : 'jtag frequency' command is executed.
13:37:07 INFO  : Context for 'APU' is selected.
13:37:08 INFO  : System reset is completed.
13:37:11 INFO  : 'after 3000' command is executed.
13:37:11 INFO  : 'targets -set -filter {jtag_cable_name =~ "Digilent Zed 210248B9DA56" && level==0 && jtag_device_ctx=="jsn-Zed-210248B9DA56-23727093-0"}' command is executed.
13:37:13 INFO  : FPGA configured successfully with bitstream "C:/Users/buenting/cpre4880/labs/mp-0/lab1_vitis/_ide/bitstream/design_1_wrapper.bit"
13:37:13 INFO  : Context for 'APU' is selected.
13:37:13 INFO  : Hardware design and registers information is loaded from 'C:/Users/buenting/cpre4880/labs/mp-0/design_1_wrapper/export/design_1_wrapper/hw/design_1_wrapper.xsa'.
13:37:13 INFO  : 'configparams force-mem-access 1' command is executed.
13:37:13 INFO  : Context for 'APU' is selected.
13:37:13 INFO  : Sourcing of 'C:/Users/buenting/cpre4880/labs/mp-0/lab1_vitis/_ide/psinit/ps7_init.tcl' is done.
13:37:13 INFO  : 'ps7_init' command is executed.
13:37:13 INFO  : 'ps7_post_config' command is executed.
13:37:13 INFO  : Context for processor 'ps7_cortexa9_0' is selected.
13:37:14 INFO  : The application 'C:/Users/buenting/cpre4880/labs/mp-0/lab1_vitis/Debug/lab1_vitis.elf' is downloaded to processor 'ps7_cortexa9_0'.
13:37:14 INFO  : 'configparams force-mem-access 0' command is executed.
13:37:14 INFO  : ----------------XSDB Script----------------
connect -url tcp:127.0.0.1:3121
targets -set -nocase -filter {name =~"APU*"}
rst -system
after 3000
targets -set -filter {jtag_cable_name =~ "Digilent Zed 210248B9DA56" && level==0 && jtag_device_ctx=="jsn-Zed-210248B9DA56-23727093-0"}
fpga -file C:/Users/buenting/cpre4880/labs/mp-0/lab1_vitis/_ide/bitstream/design_1_wrapper.bit
targets -set -nocase -filter {name =~"APU*"}
loadhw -hw C:/Users/buenting/cpre4880/labs/mp-0/design_1_wrapper/export/design_1_wrapper/hw/design_1_wrapper.xsa -mem-ranges [list {0x40000000 0xbfffffff}] -regs
configparams force-mem-access 1
targets -set -nocase -filter {name =~"APU*"}
source C:/Users/buenting/cpre4880/labs/mp-0/lab1_vitis/_ide/psinit/ps7_init.tcl
ps7_init
ps7_post_config
targets -set -nocase -filter {name =~ "*A9*#0"}
dow C:/Users/buenting/cpre4880/labs/mp-0/lab1_vitis/Debug/lab1_vitis.elf
configparams force-mem-access 0
----------------End of Script----------------

13:37:14 INFO  : Context for processor 'ps7_cortexa9_0' is selected.
13:37:14 INFO  : 'con' command is executed.
13:37:14 INFO  : ----------------XSDB Script (After Launch)----------------
targets -set -nocase -filter {name =~ "*A9*#0"}
con
----------------End of Script----------------

13:37:14 INFO  : Launch script is exported to file 'C:\Users\buenting\cpre4880\labs\mp-0\.sdk\launch_scripts\single_application_debug\debugger_lab1_vitis-default.tcl'
13:38:32 INFO  : Checking for BSP changes to sync application flags for project 'lab1_vitis'...
13:38:36 INFO  : Disconnected from the channel tcfchan#3.
13:38:37 INFO  : Connected to target on host '127.0.0.1' and port '3121'.
13:38:37 INFO  : Jtag cable 'Digilent Zed 210248B9DA56' is selected.
13:38:37 INFO  : 'jtag frequency' command is executed.
13:38:37 INFO  : Context for 'APU' is selected.
13:38:37 INFO  : System reset is completed.
13:38:40 INFO  : 'after 3000' command is executed.
13:38:40 INFO  : 'targets -set -filter {jtag_cable_name =~ "Digilent Zed 210248B9DA56" && level==0 && jtag_device_ctx=="jsn-Zed-210248B9DA56-23727093-0"}' command is executed.
13:38:43 INFO  : FPGA configured successfully with bitstream "C:/Users/buenting/cpre4880/labs/mp-0/lab1_vitis/_ide/bitstream/design_1_wrapper.bit"
13:38:43 INFO  : Context for 'APU' is selected.
13:38:43 INFO  : Hardware design and registers information is loaded from 'C:/Users/buenting/cpre4880/labs/mp-0/design_1_wrapper/export/design_1_wrapper/hw/design_1_wrapper.xsa'.
13:38:43 INFO  : 'configparams force-mem-access 1' command is executed.
13:38:43 INFO  : Context for 'APU' is selected.
13:38:43 INFO  : Sourcing of 'C:/Users/buenting/cpre4880/labs/mp-0/lab1_vitis/_ide/psinit/ps7_init.tcl' is done.
13:38:43 INFO  : 'ps7_init' command is executed.
13:38:43 INFO  : 'ps7_post_config' command is executed.
13:38:43 INFO  : Context for processor 'ps7_cortexa9_0' is selected.
13:38:43 INFO  : The application 'C:/Users/buenting/cpre4880/labs/mp-0/lab1_vitis/Debug/lab1_vitis.elf' is downloaded to processor 'ps7_cortexa9_0'.
13:38:43 INFO  : 'configparams force-mem-access 0' command is executed.
13:38:43 INFO  : ----------------XSDB Script----------------
connect -url tcp:127.0.0.1:3121
targets -set -nocase -filter {name =~"APU*"}
rst -system
after 3000
targets -set -filter {jtag_cable_name =~ "Digilent Zed 210248B9DA56" && level==0 && jtag_device_ctx=="jsn-Zed-210248B9DA56-23727093-0"}
fpga -file C:/Users/buenting/cpre4880/labs/mp-0/lab1_vitis/_ide/bitstream/design_1_wrapper.bit
targets -set -nocase -filter {name =~"APU*"}
loadhw -hw C:/Users/buenting/cpre4880/labs/mp-0/design_1_wrapper/export/design_1_wrapper/hw/design_1_wrapper.xsa -mem-ranges [list {0x40000000 0xbfffffff}] -regs
configparams force-mem-access 1
targets -set -nocase -filter {name =~"APU*"}
source C:/Users/buenting/cpre4880/labs/mp-0/lab1_vitis/_ide/psinit/ps7_init.tcl
ps7_init
ps7_post_config
targets -set -nocase -filter {name =~ "*A9*#0"}
dow C:/Users/buenting/cpre4880/labs/mp-0/lab1_vitis/Debug/lab1_vitis.elf
configparams force-mem-access 0
----------------End of Script----------------

13:38:43 INFO  : Context for processor 'ps7_cortexa9_0' is selected.
13:38:43 INFO  : 'con' command is executed.
13:38:43 INFO  : ----------------XSDB Script (After Launch)----------------
targets -set -nocase -filter {name =~ "*A9*#0"}
con
----------------End of Script----------------

13:38:43 INFO  : Launch script is exported to file 'C:\Users\buenting\cpre4880\labs\mp-0\.sdk\launch_scripts\single_application_debug\debugger_lab1_vitis-default.tcl'
13:40:00 INFO  : Disconnected from the channel tcfchan#4.
13:40:01 INFO  : Connected to target on host '127.0.0.1' and port '3121'.
13:40:01 INFO  : Jtag cable 'Digilent Zed 210248B9DA56' is selected.
13:40:01 INFO  : 'jtag frequency' command is executed.
13:40:01 INFO  : Context for 'APU' is selected.
13:40:01 INFO  : System reset is completed.
13:40:04 INFO  : 'after 3000' command is executed.
13:40:04 INFO  : 'targets -set -filter {jtag_cable_name =~ "Digilent Zed 210248B9DA56" && level==0 && jtag_device_ctx=="jsn-Zed-210248B9DA56-23727093-0"}' command is executed.
13:40:06 INFO  : FPGA configured successfully with bitstream "C:/Users/buenting/cpre4880/labs/mp-0/lab1_vitis/_ide/bitstream/design_1_wrapper.bit"
13:40:06 INFO  : Context for 'APU' is selected.
13:40:06 INFO  : Hardware design and registers information is loaded from 'C:/Users/buenting/cpre4880/labs/mp-0/design_1_wrapper/export/design_1_wrapper/hw/design_1_wrapper.xsa'.
13:40:06 INFO  : 'configparams force-mem-access 1' command is executed.
13:40:06 INFO  : Context for 'APU' is selected.
13:40:06 INFO  : Sourcing of 'C:/Users/buenting/cpre4880/labs/mp-0/lab1_vitis/_ide/psinit/ps7_init.tcl' is done.
13:40:07 INFO  : 'ps7_init' command is executed.
13:40:07 INFO  : 'ps7_post_config' command is executed.
13:40:07 INFO  : Context for processor 'ps7_cortexa9_0' is selected.
13:40:07 INFO  : The application 'C:/Users/buenting/cpre4880/labs/mp-0/lab1_vitis/Debug/lab1_vitis.elf' is downloaded to processor 'ps7_cortexa9_0'.
13:40:07 INFO  : 'configparams force-mem-access 0' command is executed.
13:40:07 INFO  : ----------------XSDB Script----------------
connect -url tcp:127.0.0.1:3121
targets -set -nocase -filter {name =~"APU*"}
rst -system
after 3000
targets -set -filter {jtag_cable_name =~ "Digilent Zed 210248B9DA56" && level==0 && jtag_device_ctx=="jsn-Zed-210248B9DA56-23727093-0"}
fpga -file C:/Users/buenting/cpre4880/labs/mp-0/lab1_vitis/_ide/bitstream/design_1_wrapper.bit
targets -set -nocase -filter {name =~"APU*"}
loadhw -hw C:/Users/buenting/cpre4880/labs/mp-0/design_1_wrapper/export/design_1_wrapper/hw/design_1_wrapper.xsa -mem-ranges [list {0x40000000 0xbfffffff}] -regs
configparams force-mem-access 1
targets -set -nocase -filter {name =~"APU*"}
source C:/Users/buenting/cpre4880/labs/mp-0/lab1_vitis/_ide/psinit/ps7_init.tcl
ps7_init
ps7_post_config
targets -set -nocase -filter {name =~ "*A9*#0"}
dow C:/Users/buenting/cpre4880/labs/mp-0/lab1_vitis/Debug/lab1_vitis.elf
configparams force-mem-access 0
----------------End of Script----------------

13:40:07 INFO  : Context for processor 'ps7_cortexa9_0' is selected.
13:40:07 INFO  : 'con' command is executed.
13:40:07 INFO  : ----------------XSDB Script (After Launch)----------------
targets -set -nocase -filter {name =~ "*A9*#0"}
con
----------------End of Script----------------

13:40:07 INFO  : Launch script is exported to file 'C:\Users\buenting\cpre4880\labs\mp-0\.sdk\launch_scripts\single_application_debug\debugger_lab1_vitis-default.tcl'
13:44:45 INFO  : Disconnected from the channel tcfchan#5.
13:44:46 INFO  : Connected to target on host '127.0.0.1' and port '3121'.
13:44:46 INFO  : Jtag cable 'Digilent Zed 210248B9DA56' is selected.
13:44:46 INFO  : 'jtag frequency' command is executed.
13:44:46 INFO  : Context for 'APU' is selected.
13:44:46 INFO  : System reset is completed.
13:44:49 INFO  : 'after 3000' command is executed.
13:44:49 INFO  : 'targets -set -filter {jtag_cable_name =~ "Digilent Zed 210248B9DA56" && level==0 && jtag_device_ctx=="jsn-Zed-210248B9DA56-23727093-0"}' command is executed.
13:44:52 INFO  : FPGA configured successfully with bitstream "C:/Users/buenting/cpre4880/labs/mp-0/lab1_vitis/_ide/bitstream/design_1_wrapper.bit"
13:44:52 INFO  : Context for 'APU' is selected.
13:44:52 INFO  : Hardware design and registers information is loaded from 'C:/Users/buenting/cpre4880/labs/mp-0/design_1_wrapper/export/design_1_wrapper/hw/design_1_wrapper.xsa'.
13:44:52 INFO  : 'configparams force-mem-access 1' command is executed.
13:44:52 INFO  : Context for 'APU' is selected.
13:44:52 INFO  : Sourcing of 'C:/Users/buenting/cpre4880/labs/mp-0/lab1_vitis/_ide/psinit/ps7_init.tcl' is done.
13:44:52 INFO  : 'ps7_init' command is executed.
13:44:52 INFO  : 'ps7_post_config' command is executed.
13:44:52 INFO  : Context for processor 'ps7_cortexa9_0' is selected.
13:44:52 INFO  : The application 'C:/Users/buenting/cpre4880/labs/mp-0/lab1_vitis/Debug/lab1_vitis.elf' is downloaded to processor 'ps7_cortexa9_0'.
13:44:52 INFO  : 'configparams force-mem-access 0' command is executed.
13:44:52 INFO  : ----------------XSDB Script----------------
connect -url tcp:127.0.0.1:3121
targets -set -nocase -filter {name =~"APU*"}
rst -system
after 3000
targets -set -filter {jtag_cable_name =~ "Digilent Zed 210248B9DA56" && level==0 && jtag_device_ctx=="jsn-Zed-210248B9DA56-23727093-0"}
fpga -file C:/Users/buenting/cpre4880/labs/mp-0/lab1_vitis/_ide/bitstream/design_1_wrapper.bit
targets -set -nocase -filter {name =~"APU*"}
loadhw -hw C:/Users/buenting/cpre4880/labs/mp-0/design_1_wrapper/export/design_1_wrapper/hw/design_1_wrapper.xsa -mem-ranges [list {0x40000000 0xbfffffff}] -regs
configparams force-mem-access 1
targets -set -nocase -filter {name =~"APU*"}
source C:/Users/buenting/cpre4880/labs/mp-0/lab1_vitis/_ide/psinit/ps7_init.tcl
ps7_init
ps7_post_config
targets -set -nocase -filter {name =~ "*A9*#0"}
dow C:/Users/buenting/cpre4880/labs/mp-0/lab1_vitis/Debug/lab1_vitis.elf
configparams force-mem-access 0
----------------End of Script----------------

13:44:52 INFO  : Context for processor 'ps7_cortexa9_0' is selected.
13:44:52 INFO  : 'con' command is executed.
13:44:52 INFO  : ----------------XSDB Script (After Launch)----------------
targets -set -nocase -filter {name =~ "*A9*#0"}
con
----------------End of Script----------------

13:44:52 INFO  : Launch script is exported to file 'C:\Users\buenting\cpre4880\labs\mp-0\.sdk\launch_scripts\single_application_debug\debugger_lab1_vitis-default.tcl'
13:59:26 INFO  : Hardware specification for platform project 'design_1_wrapper' is updated.
13:59:38 INFO  : Result from executing command 'getProjects': design_1_wrapper
13:59:38 INFO  : Result from executing command 'getPlatforms': design_1_wrapper|C:/Users/buenting/cpre4880/labs/mp-0/design_1_wrapper/export/design_1_wrapper/design_1_wrapper.xpfm
13:59:38 INFO  : Checking for BSP changes to sync application flags for project 'lab1_vitis'...
13:59:40 INFO  : The hardware specfication used by project 'lab1_vitis' is out of sync with the platform. Resource files extracted from the hardware specfiication will be updated.
13:59:40 INFO  : The file 'C:\Users\buenting\cpre4880\labs\mp-0\lab1_vitis\_ide\bitstream\design_1_wrapper.bit' stored in project is removed.
13:59:40 INFO  : The updated bitstream files are copied from platform to folder 'C:\Users\buenting\cpre4880\labs\mp-0\lab1_vitis\_ide\bitstream' in project 'lab1_vitis'.
13:59:40 INFO  : The file 'C:\Users\buenting\cpre4880\labs\mp-0\lab1_vitis\_ide\psinit\ps7_init.tcl' stored in project is removed.
13:59:43 INFO  : The updated ps init files are copied from platform to folder 'C:\Users\buenting\cpre4880\labs\mp-0\lab1_vitis\_ide\psinit' in project 'lab1_vitis'.
14:00:16 INFO  : Checking for BSP changes to sync application flags for project 'lab1_vitis'...
14:00:27 INFO  : Disconnected from the channel tcfchan#6.
14:00:28 INFO  : Connected to target on host '127.0.0.1' and port '3121'.
14:00:28 INFO  : Jtag cable 'Digilent Zed 210248B9DA56' is selected.
14:00:28 INFO  : 'jtag frequency' command is executed.
14:00:28 INFO  : Context for 'APU' is selected.
14:00:28 INFO  : System reset is completed.
14:00:31 INFO  : 'after 3000' command is executed.
14:00:31 INFO  : 'targets -set -filter {jtag_cable_name =~ "Digilent Zed 210248B9DA56" && level==0 && jtag_device_ctx=="jsn-Zed-210248B9DA56-23727093-0"}' command is executed.
14:00:33 INFO  : FPGA configured successfully with bitstream "C:/Users/buenting/cpre4880/labs/mp-0/lab1_vitis/_ide/bitstream/design_1_wrapper.bit"
14:00:33 INFO  : Context for 'APU' is selected.
14:00:33 INFO  : Hardware design and registers information is loaded from 'C:/Users/buenting/cpre4880/labs/mp-0/design_1_wrapper/export/design_1_wrapper/hw/design_1_wrapper.xsa'.
14:00:33 INFO  : 'configparams force-mem-access 1' command is executed.
14:00:33 INFO  : Context for 'APU' is selected.
14:00:33 INFO  : Sourcing of 'C:/Users/buenting/cpre4880/labs/mp-0/lab1_vitis/_ide/psinit/ps7_init.tcl' is done.
14:00:34 INFO  : 'ps7_init' command is executed.
14:00:34 INFO  : 'ps7_post_config' command is executed.
14:00:34 INFO  : Context for processor 'ps7_cortexa9_0' is selected.
14:00:34 INFO  : The application 'C:/Users/buenting/cpre4880/labs/mp-0/lab1_vitis/Debug/lab1_vitis.elf' is downloaded to processor 'ps7_cortexa9_0'.
14:00:34 INFO  : 'configparams force-mem-access 0' command is executed.
14:00:34 INFO  : ----------------XSDB Script----------------
connect -url tcp:127.0.0.1:3121
targets -set -nocase -filter {name =~"APU*"}
rst -system
after 3000
targets -set -filter {jtag_cable_name =~ "Digilent Zed 210248B9DA56" && level==0 && jtag_device_ctx=="jsn-Zed-210248B9DA56-23727093-0"}
fpga -file C:/Users/buenting/cpre4880/labs/mp-0/lab1_vitis/_ide/bitstream/design_1_wrapper.bit
targets -set -nocase -filter {name =~"APU*"}
loadhw -hw C:/Users/buenting/cpre4880/labs/mp-0/design_1_wrapper/export/design_1_wrapper/hw/design_1_wrapper.xsa -mem-ranges [list {0x40000000 0xbfffffff}] -regs
configparams force-mem-access 1
targets -set -nocase -filter {name =~"APU*"}
source C:/Users/buenting/cpre4880/labs/mp-0/lab1_vitis/_ide/psinit/ps7_init.tcl
ps7_init
ps7_post_config
targets -set -nocase -filter {name =~ "*A9*#0"}
dow C:/Users/buenting/cpre4880/labs/mp-0/lab1_vitis/Debug/lab1_vitis.elf
configparams force-mem-access 0
----------------End of Script----------------

14:00:34 INFO  : Context for processor 'ps7_cortexa9_0' is selected.
14:00:34 INFO  : 'con' command is executed.
14:00:34 INFO  : ----------------XSDB Script (After Launch)----------------
targets -set -nocase -filter {name =~ "*A9*#0"}
con
----------------End of Script----------------

14:00:34 INFO  : Launch script is exported to file 'C:\Users\buenting\cpre4880\labs\mp-0\.sdk\launch_scripts\single_application_debug\debugger_lab1_vitis-default.tcl'
14:03:30 INFO  : Checking for BSP changes to sync application flags for project 'lab1_vitis'...
14:03:35 INFO  : Disconnected from the channel tcfchan#9.
14:03:36 INFO  : Connected to target on host '127.0.0.1' and port '3121'.
14:03:36 INFO  : Jtag cable 'Digilent Zed 210248B9DA56' is selected.
14:03:36 INFO  : 'jtag frequency' command is executed.
14:03:36 INFO  : Context for 'APU' is selected.
14:03:36 INFO  : System reset is completed.
14:03:39 INFO  : 'after 3000' command is executed.
14:03:39 INFO  : 'targets -set -filter {jtag_cable_name =~ "Digilent Zed 210248B9DA56" && level==0 && jtag_device_ctx=="jsn-Zed-210248B9DA56-23727093-0"}' command is executed.
14:03:42 INFO  : FPGA configured successfully with bitstream "C:/Users/buenting/cpre4880/labs/mp-0/lab1_vitis/_ide/bitstream/design_1_wrapper.bit"
14:03:42 INFO  : Context for 'APU' is selected.
14:03:42 INFO  : Hardware design and registers information is loaded from 'C:/Users/buenting/cpre4880/labs/mp-0/design_1_wrapper/export/design_1_wrapper/hw/design_1_wrapper.xsa'.
14:03:42 INFO  : 'configparams force-mem-access 1' command is executed.
14:03:42 INFO  : Context for 'APU' is selected.
14:03:42 INFO  : Sourcing of 'C:/Users/buenting/cpre4880/labs/mp-0/lab1_vitis/_ide/psinit/ps7_init.tcl' is done.
14:03:42 INFO  : 'ps7_init' command is executed.
14:03:42 INFO  : 'ps7_post_config' command is executed.
14:03:42 INFO  : Context for processor 'ps7_cortexa9_0' is selected.
14:03:42 INFO  : The application 'C:/Users/buenting/cpre4880/labs/mp-0/lab1_vitis/Debug/lab1_vitis.elf' is downloaded to processor 'ps7_cortexa9_0'.
14:03:42 INFO  : 'configparams force-mem-access 0' command is executed.
14:03:42 INFO  : ----------------XSDB Script----------------
connect -url tcp:127.0.0.1:3121
targets -set -nocase -filter {name =~"APU*"}
rst -system
after 3000
targets -set -filter {jtag_cable_name =~ "Digilent Zed 210248B9DA56" && level==0 && jtag_device_ctx=="jsn-Zed-210248B9DA56-23727093-0"}
fpga -file C:/Users/buenting/cpre4880/labs/mp-0/lab1_vitis/_ide/bitstream/design_1_wrapper.bit
targets -set -nocase -filter {name =~"APU*"}
loadhw -hw C:/Users/buenting/cpre4880/labs/mp-0/design_1_wrapper/export/design_1_wrapper/hw/design_1_wrapper.xsa -mem-ranges [list {0x40000000 0xbfffffff}] -regs
configparams force-mem-access 1
targets -set -nocase -filter {name =~"APU*"}
source C:/Users/buenting/cpre4880/labs/mp-0/lab1_vitis/_ide/psinit/ps7_init.tcl
ps7_init
ps7_post_config
targets -set -nocase -filter {name =~ "*A9*#0"}
dow C:/Users/buenting/cpre4880/labs/mp-0/lab1_vitis/Debug/lab1_vitis.elf
configparams force-mem-access 0
----------------End of Script----------------

14:03:42 INFO  : Context for processor 'ps7_cortexa9_0' is selected.
14:03:42 INFO  : 'con' command is executed.
14:03:42 INFO  : ----------------XSDB Script (After Launch)----------------
targets -set -nocase -filter {name =~ "*A9*#0"}
con
----------------End of Script----------------

14:03:42 INFO  : Launch script is exported to file 'C:\Users\buenting\cpre4880\labs\mp-0\.sdk\launch_scripts\single_application_debug\debugger_lab1_vitis-default.tcl'
14:19:51 INFO  : Hardware specification for platform project 'design_1_wrapper' is updated.
14:20:05 INFO  : Result from executing command 'getProjects': design_1_wrapper
14:20:05 INFO  : Result from executing command 'getPlatforms': design_1_wrapper|C:/Users/buenting/cpre4880/labs/mp-0/design_1_wrapper/export/design_1_wrapper/design_1_wrapper.xpfm
14:29:01 INFO  : Disconnected from the channel tcfchan#10.
14:29:02 INFO  : The hardware specfication used by project 'lab1_vitis' is out of sync with the platform. Resource files extracted from the hardware specfiication will be updated.
14:29:02 INFO  : The file 'C:\Users\buenting\cpre4880\labs\mp-0\lab1_vitis\_ide\bitstream\design_1_wrapper.bit' stored in project is removed.
14:29:02 INFO  : The updated bitstream files are copied from platform to folder 'C:\Users\buenting\cpre4880\labs\mp-0\lab1_vitis\_ide\bitstream' in project 'lab1_vitis'.
14:29:02 INFO  : The file 'C:\Users\buenting\cpre4880\labs\mp-0\lab1_vitis\_ide\psinit\ps7_init.tcl' stored in project is removed.
14:29:05 INFO  : The updated ps init files are copied from platform to folder 'C:\Users\buenting\cpre4880\labs\mp-0\lab1_vitis\_ide\psinit' in project 'lab1_vitis'.
14:29:05 INFO  : Connected to target on host '127.0.0.1' and port '3121'.
14:29:06 INFO  : Jtag cable 'Digilent Zed 210248B9DA56' is selected.
14:29:06 INFO  : 'jtag frequency' command is executed.
14:29:06 INFO  : Context for 'APU' is selected.
14:29:06 INFO  : System reset is completed.
14:29:09 INFO  : 'after 3000' command is executed.
14:29:09 INFO  : 'targets -set -filter {jtag_cable_name =~ "Digilent Zed 210248B9DA56" && level==0 && jtag_device_ctx=="jsn-Zed-210248B9DA56-23727093-0"}' command is executed.
14:29:11 INFO  : FPGA configured successfully with bitstream "C:/Users/buenting/cpre4880/labs/mp-0/lab1_vitis/_ide/bitstream/design_1_wrapper.bit"
14:29:11 INFO  : Context for 'APU' is selected.
14:29:11 INFO  : Hardware design and registers information is loaded from 'C:/Users/buenting/cpre4880/labs/mp-0/design_1_wrapper/export/design_1_wrapper/hw/design_1_wrapper.xsa'.
14:29:11 INFO  : 'configparams force-mem-access 1' command is executed.
14:29:11 INFO  : Context for 'APU' is selected.
14:29:11 INFO  : Sourcing of 'C:/Users/buenting/cpre4880/labs/mp-0/lab1_vitis/_ide/psinit/ps7_init.tcl' is done.
14:29:11 INFO  : 'ps7_init' command is executed.
14:29:11 INFO  : 'ps7_post_config' command is executed.
14:29:11 INFO  : Context for processor 'ps7_cortexa9_0' is selected.
14:29:11 INFO  : The application 'C:/Users/buenting/cpre4880/labs/mp-0/lab1_vitis/Debug/lab1_vitis.elf' is downloaded to processor 'ps7_cortexa9_0'.
14:29:11 INFO  : 'configparams force-mem-access 0' command is executed.
14:29:11 INFO  : ----------------XSDB Script----------------
connect -url tcp:127.0.0.1:3121
targets -set -nocase -filter {name =~"APU*"}
rst -system
after 3000
targets -set -filter {jtag_cable_name =~ "Digilent Zed 210248B9DA56" && level==0 && jtag_device_ctx=="jsn-Zed-210248B9DA56-23727093-0"}
fpga -file C:/Users/buenting/cpre4880/labs/mp-0/lab1_vitis/_ide/bitstream/design_1_wrapper.bit
targets -set -nocase -filter {name =~"APU*"}
loadhw -hw C:/Users/buenting/cpre4880/labs/mp-0/design_1_wrapper/export/design_1_wrapper/hw/design_1_wrapper.xsa -mem-ranges [list {0x40000000 0xbfffffff}] -regs
configparams force-mem-access 1
targets -set -nocase -filter {name =~"APU*"}
source C:/Users/buenting/cpre4880/labs/mp-0/lab1_vitis/_ide/psinit/ps7_init.tcl
ps7_init
ps7_post_config
targets -set -nocase -filter {name =~ "*A9*#0"}
dow C:/Users/buenting/cpre4880/labs/mp-0/lab1_vitis/Debug/lab1_vitis.elf
configparams force-mem-access 0
----------------End of Script----------------

14:29:12 INFO  : Context for processor 'ps7_cortexa9_0' is selected.
14:29:12 INFO  : 'con' command is executed.
14:29:12 INFO  : ----------------XSDB Script (After Launch)----------------
targets -set -nocase -filter {name =~ "*A9*#0"}
con
----------------End of Script----------------

14:29:12 INFO  : Launch script is exported to file 'C:\Users\buenting\cpre4880\labs\mp-0\.sdk\launch_scripts\single_application_debug\debugger_lab1_vitis-default.tcl'
14:35:29 INFO  : Checking for BSP changes to sync application flags for project 'lab1_vitis'...
14:35:48 INFO  : Disconnected from the channel tcfchan#12.
14:35:49 INFO  : Connected to target on host '127.0.0.1' and port '3121'.
14:35:49 INFO  : Jtag cable 'Digilent Zed 210248B9DA56' is selected.
14:35:49 INFO  : 'jtag frequency' command is executed.
14:35:49 INFO  : Context for 'APU' is selected.
14:35:49 INFO  : System reset is completed.
14:35:52 INFO  : 'after 3000' command is executed.
14:35:53 INFO  : 'targets -set -filter {jtag_cable_name =~ "Digilent Zed 210248B9DA56" && level==0 && jtag_device_ctx=="jsn-Zed-210248B9DA56-23727093-0"}' command is executed.
14:35:55 INFO  : FPGA configured successfully with bitstream "C:/Users/buenting/cpre4880/labs/mp-0/lab1_vitis/_ide/bitstream/design_1_wrapper.bit"
14:35:55 INFO  : Context for 'APU' is selected.
14:35:55 INFO  : Hardware design and registers information is loaded from 'C:/Users/buenting/cpre4880/labs/mp-0/design_1_wrapper/export/design_1_wrapper/hw/design_1_wrapper.xsa'.
14:35:55 INFO  : 'configparams force-mem-access 1' command is executed.
14:35:55 INFO  : Context for 'APU' is selected.
14:35:55 INFO  : Sourcing of 'C:/Users/buenting/cpre4880/labs/mp-0/lab1_vitis/_ide/psinit/ps7_init.tcl' is done.
14:35:55 INFO  : 'ps7_init' command is executed.
14:35:55 INFO  : 'ps7_post_config' command is executed.
14:35:55 INFO  : Context for processor 'ps7_cortexa9_0' is selected.
14:35:55 INFO  : The application 'C:/Users/buenting/cpre4880/labs/mp-0/lab1_vitis/Debug/lab1_vitis.elf' is downloaded to processor 'ps7_cortexa9_0'.
14:35:55 INFO  : 'configparams force-mem-access 0' command is executed.
14:35:55 INFO  : ----------------XSDB Script----------------
connect -url tcp:127.0.0.1:3121
targets -set -nocase -filter {name =~"APU*"}
rst -system
after 3000
targets -set -filter {jtag_cable_name =~ "Digilent Zed 210248B9DA56" && level==0 && jtag_device_ctx=="jsn-Zed-210248B9DA56-23727093-0"}
fpga -file C:/Users/buenting/cpre4880/labs/mp-0/lab1_vitis/_ide/bitstream/design_1_wrapper.bit
targets -set -nocase -filter {name =~"APU*"}
loadhw -hw C:/Users/buenting/cpre4880/labs/mp-0/design_1_wrapper/export/design_1_wrapper/hw/design_1_wrapper.xsa -mem-ranges [list {0x40000000 0xbfffffff}] -regs
configparams force-mem-access 1
targets -set -nocase -filter {name =~"APU*"}
source C:/Users/buenting/cpre4880/labs/mp-0/lab1_vitis/_ide/psinit/ps7_init.tcl
ps7_init
ps7_post_config
targets -set -nocase -filter {name =~ "*A9*#0"}
dow C:/Users/buenting/cpre4880/labs/mp-0/lab1_vitis/Debug/lab1_vitis.elf
configparams force-mem-access 0
----------------End of Script----------------

14:35:55 INFO  : Context for processor 'ps7_cortexa9_0' is selected.
14:35:55 INFO  : 'con' command is executed.
14:35:55 INFO  : ----------------XSDB Script (After Launch)----------------
targets -set -nocase -filter {name =~ "*A9*#0"}
con
----------------End of Script----------------

14:35:55 INFO  : Launch script is exported to file 'C:\Users\buenting\cpre4880\labs\mp-0\.sdk\launch_scripts\single_application_debug\debugger_lab1_vitis-default.tcl'
14:43:33 INFO  : Hardware specification for platform project 'design_1_wrapper' is updated.
14:43:38 INFO  : Result from executing command 'getProjects': design_1_wrapper
14:43:38 INFO  : Result from executing command 'getPlatforms': design_1_wrapper|C:/Users/buenting/cpre4880/labs/mp-0/design_1_wrapper/export/design_1_wrapper/design_1_wrapper.xpfm
14:43:38 INFO  : Checking for BSP changes to sync application flags for project 'lab1_vitis'...
14:43:41 INFO  : The hardware specfication used by project 'lab1_vitis' is out of sync with the platform. Resource files extracted from the hardware specfiication will be updated.
14:43:41 INFO  : The file 'C:\Users\buenting\cpre4880\labs\mp-0\lab1_vitis\_ide\bitstream\design_1_wrapper.bit' stored in project is removed.
14:43:41 INFO  : The updated bitstream files are copied from platform to folder 'C:\Users\buenting\cpre4880\labs\mp-0\lab1_vitis\_ide\bitstream' in project 'lab1_vitis'.
14:43:41 INFO  : The file 'C:\Users\buenting\cpre4880\labs\mp-0\lab1_vitis\_ide\psinit\ps7_init.tcl' stored in project is removed.
14:43:44 INFO  : The updated ps init files are copied from platform to folder 'C:\Users\buenting\cpre4880\labs\mp-0\lab1_vitis\_ide\psinit' in project 'lab1_vitis'.
14:46:13 INFO  : Connected to target on host '127.0.0.1' and port '3121'.
14:46:13 INFO  : 'targets -set -filter {jtag_cable_name =~ "Digilent Zed 210248B9DA56" && level==0 && jtag_device_ctx=="jsn-Zed-210248B9DA56-23727093-0"}' command is executed.
14:46:16 INFO  : FPGA configured successfully with bitstream "C:/Users/buenting/cpre4880/labs/mp-0/lab1_vitis/_ide/bitstream/design_1_wrapper.bit"
14:46:28 INFO  : Connected to target on host '127.0.0.1' and port '3121'.
14:46:28 INFO  : 'targets -set -filter {jtag_cable_name =~ "Digilent Zed 210248B9DA56" && level==0 && jtag_device_ctx=="jsn-Zed-210248B9DA56-23727093-0"}' command is executed.
14:46:30 INFO  : FPGA configured successfully with bitstream "C:/Users/buenting/cpre4880/labs/mp-0/lab1_vitis/_ide/bitstream/design_1_wrapper.bit"
15:07:26 INFO  : Disconnected from the channel tcfchan#13.
