
*** Running vivado
    with args -log axi_ppm_v1_0.vdi -applog -m64 -product Vivado -messageDb vivado.pb -mode batch -source axi_ppm_v1_0.tcl -notrace



****** Vivado v2020.1 (64-bit)
  **** SW Build 2902540 on Wed May 27 19:54:49 MDT 2020
  **** IP Build 2902112 on Wed May 27 22:43:36 MDT 2020
    ** Copyright 1986-2020 Xilinx, Inc. All Rights Reserved.

source axi_ppm_v1_0.tcl -notrace
INFO: [IP_Flow 19-234] Refreshing IP repositories
INFO: [IP_Flow 19-1700] Loaded user IP repository 'c:/Users/buenting/cpre4880/labs/mp-1/ip_repo/axi_ppm_1.0'.
INFO: [IP_Flow 19-2313] Loaded Vivado IP repository 'C:/Xilinx/Vivado/2020.1/data/ip'.
Command: link_design -top axi_ppm_v1_0 -part xc7z020clg484-1
Design is defaulting to srcset: sources_1
Design is defaulting to constrset: constrs_1
INFO: [Device 21-403] Loading part xc7z020clg484-1
Netlist sorting complete. Time (s): cpu = 00:00:00 ; elapsed = 00:00:00.003 . Memory (MB): peak = 1013.410 ; gain = 0.000
INFO: [Netlist 29-17] Analyzing 242 Unisim elements for replacement
INFO: [Netlist 29-28] Unisim Transformation completed in 0 CPU seconds
WARNING: [Netlist 29-101] Netlist 'axi_ppm_v1_0' is not ideal for floorplanning, since the cellview 'axi_ppm_v1_0_S00_AXI' contains a large number of primitives.  Please consider enabling hierarchy in synthesis if you want to do floorplanning.
INFO: [Project 1-479] Netlist was created with Vivado 2020.1
INFO: [Project 1-570] Preparing netlist for logic optimization
Parsing XDC File [C:/Users/buenting/cpre4880/labs/mp-1/mp_1_vivado/mp_1_vivado.srcs/constrs_1/new/mp-1.xdc]
Finished Parsing XDC File [C:/Users/buenting/cpre4880/labs/mp-1/mp_1_vivado/mp_1_vivado.srcs/constrs_1/new/mp-1.xdc]
INFO: [Opt 31-138] Pushed 0 inverter(s) to 0 load pin(s).
Netlist sorting complete. Time (s): cpu = 00:00:00 ; elapsed = 00:00:00.001 . Memory (MB): peak = 1013.410 ; gain = 0.000
INFO: [Project 1-111] Unisim Transformation Summary:
No Unisim elements were transformed.

10 Infos, 1 Warnings, 0 Critical Warnings and 0 Errors encountered.
link_design completed successfully
Command: opt_design
Attempting to get a license for feature 'Implementation' and/or device 'xc7z020'
INFO: [Common 17-349] Got license for feature 'Implementation' and/or device 'xc7z020'
Running DRC as a precondition to command opt_design

Starting DRC Task
INFO: [DRC 23-27] Running DRC with 2 threads
ERROR: [DRC MDRV-1] Multiple Driver Nets: Net axi_ppm_v1_0_S00_AXI_inst/slv_reg1[0] has multiple drivers: axi_ppm_v1_0_S00_AXI_inst/slv_reg1_reg[0]__0/Q, and axi_ppm_v1_0_S00_AXI_inst/slv_reg1_reg[0]/Q.
ERROR: [DRC MDRV-1] Multiple Driver Nets: Net axi_ppm_v1_0_S00_AXI_inst/slv_reg1[10] has multiple drivers: axi_ppm_v1_0_S00_AXI_inst/slv_reg1_reg[10]__0/Q, and axi_ppm_v1_0_S00_AXI_inst/slv_reg1_reg[10]/Q.
ERROR: [DRC MDRV-1] Multiple Driver Nets: Net axi_ppm_v1_0_S00_AXI_inst/slv_reg1[11] has multiple drivers: axi_ppm_v1_0_S00_AXI_inst/slv_reg1_reg[11]/Q, and axi_ppm_v1_0_S00_AXI_inst/slv_reg1_reg[11]__0/Q.
ERROR: [DRC MDRV-1] Multiple Driver Nets: Net axi_ppm_v1_0_S00_AXI_inst/slv_reg1[12] has multiple drivers: axi_ppm_v1_0_S00_AXI_inst/slv_reg1_reg[12]__0/Q, and axi_ppm_v1_0_S00_AXI_inst/slv_reg1_reg[12]/Q.
ERROR: [DRC MDRV-1] Multiple Driver Nets: Net axi_ppm_v1_0_S00_AXI_inst/slv_reg1[13] has multiple drivers: axi_ppm_v1_0_S00_AXI_inst/slv_reg1_reg[13]/Q, and axi_ppm_v1_0_S00_AXI_inst/slv_reg1_reg[13]__0/Q.
ERROR: [DRC MDRV-1] Multiple Driver Nets: Net axi_ppm_v1_0_S00_AXI_inst/slv_reg1[14] has multiple drivers: axi_ppm_v1_0_S00_AXI_inst/slv_reg1_reg[14]/Q, and axi_ppm_v1_0_S00_AXI_inst/slv_reg1_reg[14]__0/Q.
ERROR: [DRC MDRV-1] Multiple Driver Nets: Net axi_ppm_v1_0_S00_AXI_inst/slv_reg1[15] has multiple drivers: axi_ppm_v1_0_S00_AXI_inst/slv_reg1_reg[15]/Q, and axi_ppm_v1_0_S00_AXI_inst/slv_reg1_reg[15]__0/Q.
ERROR: [DRC MDRV-1] Multiple Driver Nets: Net axi_ppm_v1_0_S00_AXI_inst/slv_reg1[16] has multiple drivers: axi_ppm_v1_0_S00_AXI_inst/slv_reg1_reg[16]__0/Q, and axi_ppm_v1_0_S00_AXI_inst/slv_reg1_reg[16]/Q.
ERROR: [DRC MDRV-1] Multiple Driver Nets: Net axi_ppm_v1_0_S00_AXI_inst/slv_reg1[17] has multiple drivers: axi_ppm_v1_0_S00_AXI_inst/slv_reg1_reg[17]/Q, and axi_ppm_v1_0_S00_AXI_inst/slv_reg1_reg[17]__0/Q.
ERROR: [DRC MDRV-1] Multiple Driver Nets: Net axi_ppm_v1_0_S00_AXI_inst/slv_reg1[18] has multiple drivers: axi_ppm_v1_0_S00_AXI_inst/slv_reg1_reg[18]__0/Q, and axi_ppm_v1_0_S00_AXI_inst/slv_reg1_reg[18]/Q.
ERROR: [DRC MDRV-1] Multiple Driver Nets: Net axi_ppm_v1_0_S00_AXI_inst/slv_reg1[19] has multiple drivers: axi_ppm_v1_0_S00_AXI_inst/slv_reg1_reg[19]/Q, and axi_ppm_v1_0_S00_AXI_inst/slv_reg1_reg[19]__0/Q.
ERROR: [DRC MDRV-1] Multiple Driver Nets: Net axi_ppm_v1_0_S00_AXI_inst/slv_reg1[1] has multiple drivers: axi_ppm_v1_0_S00_AXI_inst/slv_reg1_reg[1]__0/Q, and axi_ppm_v1_0_S00_AXI_inst/slv_reg1_reg[1]/Q.
ERROR: [DRC MDRV-1] Multiple Driver Nets: Net axi_ppm_v1_0_S00_AXI_inst/slv_reg1[20] has multiple drivers: axi_ppm_v1_0_S00_AXI_inst/slv_reg1_reg[20]__0/Q, and axi_ppm_v1_0_S00_AXI_inst/slv_reg1_reg[20]/Q.
ERROR: [DRC MDRV-1] Multiple Driver Nets: Net axi_ppm_v1_0_S00_AXI_inst/slv_reg1[21] has multiple drivers: axi_ppm_v1_0_S00_AXI_inst/slv_reg1_reg[21]/Q, and axi_ppm_v1_0_S00_AXI_inst/slv_reg1_reg[21]__0/Q.
ERROR: [DRC MDRV-1] Multiple Driver Nets: Net axi_ppm_v1_0_S00_AXI_inst/slv_reg1[22] has multiple drivers: axi_ppm_v1_0_S00_AXI_inst/slv_reg1_reg[22]/Q, and axi_ppm_v1_0_S00_AXI_inst/slv_reg1_reg[22]__0/Q.
ERROR: [DRC MDRV-1] Multiple Driver Nets: Net axi_ppm_v1_0_S00_AXI_inst/slv_reg1[23] has multiple drivers: axi_ppm_v1_0_S00_AXI_inst/slv_reg1_reg[23]__0/Q, and axi_ppm_v1_0_S00_AXI_inst/slv_reg1_reg[23]/Q.
ERROR: [DRC MDRV-1] Multiple Driver Nets: Net axi_ppm_v1_0_S00_AXI_inst/slv_reg1[24] has multiple drivers: axi_ppm_v1_0_S00_AXI_inst/slv_reg1_reg[24]/Q, and axi_ppm_v1_0_S00_AXI_inst/slv_reg1_reg[24]__0/Q.
ERROR: [DRC MDRV-1] Multiple Driver Nets: Net axi_ppm_v1_0_S00_AXI_inst/slv_reg1[25] has multiple drivers: axi_ppm_v1_0_S00_AXI_inst/slv_reg1_reg[25]__0/Q, and axi_ppm_v1_0_S00_AXI_inst/slv_reg1_reg[25]/Q.
ERROR: [DRC MDRV-1] Multiple Driver Nets: Net axi_ppm_v1_0_S00_AXI_inst/slv_reg1[26] has multiple drivers: axi_ppm_v1_0_S00_AXI_inst/slv_reg1_reg[26]/Q, and axi_ppm_v1_0_S00_AXI_inst/slv_reg1_reg[26]__0/Q.
ERROR: [DRC MDRV-1] Multiple Driver Nets: Net axi_ppm_v1_0_S00_AXI_inst/slv_reg1[27] has multiple drivers: axi_ppm_v1_0_S00_AXI_inst/slv_reg1_reg[27]__0/Q, and axi_ppm_v1_0_S00_AXI_inst/slv_reg1_reg[27]/Q.
ERROR: [DRC MDRV-1] Multiple Driver Nets: Net axi_ppm_v1_0_S00_AXI_inst/slv_reg1[28] has multiple drivers: axi_ppm_v1_0_S00_AXI_inst/slv_reg1_reg[28]__0/Q, and axi_ppm_v1_0_S00_AXI_inst/slv_reg1_reg[28]/Q.
ERROR: [DRC MDRV-1] Multiple Driver Nets: Net axi_ppm_v1_0_S00_AXI_inst/slv_reg1[29] has multiple drivers: axi_ppm_v1_0_S00_AXI_inst/slv_reg1_reg[29]/Q, and axi_ppm_v1_0_S00_AXI_inst/slv_reg1_reg[29]__0/Q.
ERROR: [DRC MDRV-1] Multiple Driver Nets: Net axi_ppm_v1_0_S00_AXI_inst/slv_reg1[2] has multiple drivers: axi_ppm_v1_0_S00_AXI_inst/slv_reg1_reg[2]__0/Q, and axi_ppm_v1_0_S00_AXI_inst/slv_reg1_reg[2]/Q.
ERROR: [DRC MDRV-1] Multiple Driver Nets: Net axi_ppm_v1_0_S00_AXI_inst/slv_reg1[30] has multiple drivers: axi_ppm_v1_0_S00_AXI_inst/slv_reg1_reg[30]/Q, and axi_ppm_v1_0_S00_AXI_inst/slv_reg1_reg[30]__0/Q.
ERROR: [DRC MDRV-1] Multiple Driver Nets: Net axi_ppm_v1_0_S00_AXI_inst/slv_reg1[31] has multiple drivers: axi_ppm_v1_0_S00_AXI_inst/slv_reg1_reg[31]__0/Q, and axi_ppm_v1_0_S00_AXI_inst/slv_reg1_reg[31]/Q.
ERROR: [DRC MDRV-1] Multiple Driver Nets: Net axi_ppm_v1_0_S00_AXI_inst/slv_reg1[3] has multiple drivers: axi_ppm_v1_0_S00_AXI_inst/slv_reg1_reg[3]__0/Q, and axi_ppm_v1_0_S00_AXI_inst/slv_reg1_reg[3]/Q.
ERROR: [DRC MDRV-1] Multiple Driver Nets: Net axi_ppm_v1_0_S00_AXI_inst/slv_reg1[4] has multiple drivers: axi_ppm_v1_0_S00_AXI_inst/slv_reg1_reg[4]__0/Q, and axi_ppm_v1_0_S00_AXI_inst/slv_reg1_reg[4]/Q.
ERROR: [DRC MDRV-1] Multiple Driver Nets: Net axi_ppm_v1_0_S00_AXI_inst/slv_reg1[5] has multiple drivers: axi_ppm_v1_0_S00_AXI_inst/slv_reg1_reg[5]__0/Q, and axi_ppm_v1_0_S00_AXI_inst/slv_reg1_reg[5]/Q.
ERROR: [DRC MDRV-1] Multiple Driver Nets: Net axi_ppm_v1_0_S00_AXI_inst/slv_reg1[6] has multiple drivers: axi_ppm_v1_0_S00_AXI_inst/slv_reg1_reg[6]/Q, and axi_ppm_v1_0_S00_AXI_inst/slv_reg1_reg[6]__0/Q.
ERROR: [DRC MDRV-1] Multiple Driver Nets: Net axi_ppm_v1_0_S00_AXI_inst/slv_reg1[7] has multiple drivers: axi_ppm_v1_0_S00_AXI_inst/slv_reg1_reg[7]/Q, and axi_ppm_v1_0_S00_AXI_inst/slv_reg1_reg[7]__0/Q.
ERROR: [DRC MDRV-1] Multiple Driver Nets: Net axi_ppm_v1_0_S00_AXI_inst/slv_reg1[8] has multiple drivers: axi_ppm_v1_0_S00_AXI_inst/slv_reg1_reg[8]/Q, and axi_ppm_v1_0_S00_AXI_inst/slv_reg1_reg[8]__0/Q.
ERROR: [DRC MDRV-1] Multiple Driver Nets: Net axi_ppm_v1_0_S00_AXI_inst/slv_reg1[9] has multiple drivers: axi_ppm_v1_0_S00_AXI_inst/slv_reg1_reg[9]/Q, and axi_ppm_v1_0_S00_AXI_inst/slv_reg1_reg[9]__0/Q.
INFO: [Project 1-461] DRC finished with 32 Errors
INFO: [Project 1-462] Please refer to the DRC report (report_drc) for more information.
ERROR: [Vivado_Tcl 4-78] Error(s) found during DRC. Opt_design not run.

Time (s): cpu = 00:00:01 ; elapsed = 00:00:00.360 . Memory (MB): peak = 1013.410 ; gain = 0.000
INFO: [Common 17-83] Releasing license: Implementation
15 Infos, 1 Warnings, 0 Critical Warnings and 33 Errors encountered.
opt_design failed
ERROR: [Common 17-39] 'opt_design' failed due to earlier errors.

INFO: [Common 17-206] Exiting Vivado at Tue Feb 17 16:36:08 2026...
